This file contains any messages produced by compilers while
running configure, to aid debugging if configure makes a mistake.

It was created by libgpg-error configure 1.46, which was
generated by GNU Autoconf 2.69.  Invocation command line was

  $ ./configure 

## --------- ##
## Platform. ##
## --------- ##

hostname = DESKTOP-VCRP74U
uname -m = x86_64
uname -r = 5.10.16.3-microsoft-standard-WSL2
uname -s = Linux
uname -v = #1 SMP Fri Apr 2 22:23:49 UTC 2021

/usr/bin/uname -p = x86_64
/bin/uname -X     = unknown

/bin/arch              = x86_64
/usr/bin/arch -k       = unknown
/usr/convex/getsysinfo = unknown
/usr/bin/hostinfo      = unknown
/bin/machine           = unknown
/usr/bin/oslevel       = unknown
/bin/universe          = unknown

PATH: /usr/local/sbin
PATH: /usr/local/bin
PATH: /usr/sbin
PATH: /usr/bin
PATH: /sbin
PATH: /bin
PATH: /usr/games
PATH: /usr/local/games
PATH: /usr/lib/wsl/lib
PATH: /mnt/c/Program Files/Java/jdk1.8.0_331/bin
PATH: /mnt/c/Program Files/Common Files/Oracle/Java/javapath
PATH: /mnt/c/Program Files (x86)/Common Files/Oracle/Java/javapath
PATH: /mnt/c/Windows/system32
PATH: /mnt/c/Windows
PATH: /mnt/c/Windows/System32/Wbem
PATH: /mnt/c/Windows/System32/WindowsPowerShell/v1.0/
PATH: /mnt/c/Windows/System32/OpenSSH/
PATH: /mnt/c/Program Files/Git/cmd
PATH: /mnt/c/Program Files/mingw64
PATH: /mnt/c/Program Files/dotnet/
PATH: /mnt/c/Users/Tip/AppData/Local/Programs/Python/Python310/Scripts/
PATH: /mnt/c/Users/Tip/AppData/Local/Programs/Python/Python310/
PATH: /mnt/c/Ruby30-x64/bin
PATH: /mnt/c/Users/Tip/AppData/Local/Microsoft/WindowsApps
PATH: /mnt/c/Users/Tip/AppData/Local/Programs/Microsoft VS Code/bin
PATH: /mnt/d/apache-maven-3.8.5/bin
PATH: /mnt/c/Users/Tip/AppData/Local/JetBrains/Toolbox/scripts
PATH: /snap/bin
PATH: /usr/local/go/bin
PATH: /home/luwei/godir/bin


## ----------- ##
## Core tests. ##
## ----------- ##

configure:2683: checking for a BSD-compatible install
configure:2751: result: /usr/bin/install -c
configure:2762: checking whether build environment is sane
configure:2817: result: yes
configure:2961: checking for a thread-safe mkdir -p
configure:3000: result: /usr/bin/mkdir -p
configure:3007: checking for gawk
configure:3023: found /usr/bin/gawk
configure:3034: result: gawk
configure:3045: checking whether make sets $(MAKE)
configure:3067: result: yes
configure:3096: checking whether make supports nested variables
configure:3113: result: yes
configure:3240: checking whether to enable maintainer-specific portions of Makefiles
configure:3249: result: no
configure:3277: checking whether make supports nested variables
configure:3294: result: yes
configure:3312: checking build system type
configure:3326: result: x86_64-pc-linux-gnu
configure:3346: checking host system type
configure:3359: result: x86_64-pc-linux-gnu
configure:3383: autobuild project... libgpg-error
configure:3385: autobuild revision... 1.46
configure:3389: autobuild hostname... DESKTOP-VCRP74U
configure:3398: autobuild timestamp... 20221123-142730
configure:3452: checking for gcc
configure:3479: result: gclang
configure:3708: checking for C compiler version
configure:3717: gclang --version >&5
Ubuntu clang version 12.0.0-3ubuntu1~20.04.5
Target: x86_64-pc-linux-gnu
Thread model: posix
InstalledDir: /usr/lib/llvm-12/bin
configure:3728: $? = 0
configure:3717: gclang -v >&5
Ubuntu clang version 12.0.0-3ubuntu1~20.04.5
Target: x86_64-pc-linux-gnu
Thread model: posix
InstalledDir: /usr/lib/llvm-12/bin
Found candidate GCC installation: /usr/lib/gcc/x86_64-linux-gnu/11
Found candidate GCC installation: /usr/lib/gcc/x86_64-linux-gnu/9
Selected GCC installation: /usr/lib/gcc/x86_64-linux-gnu/11
Candidate multilib: .;@m64
Selected multilib: .;@m64
configure:3728: $? = 0
configure:3717: gclang -V >&5
WARNING:Did not recognize the compiler flag: -V
clang: error: argument to '-V' is missing (expected 1 value)
clang: error: no input files
ERROR:Failed to compile using given arguments:
/usr/lib/llvm-12/bin/clang [-V]
exit status: exit status 1
configure:3728: $? = 1
configure:3717: gclang -qversion >&5
WARNING:Did not recognize the compiler flag: -qversion
clang: error: unknown argument '-qversion'; did you mean '--version'?
clang: error: no input files
ERROR:Failed to compile using given arguments:
/usr/lib/llvm-12/bin/clang [-qversion]
exit status: exit status 1
configure:3728: $? = 1
configure:3748: checking whether the C compiler works
configure:3770: gclang    conftest.c  >&5
configure:3774: $? = 0
configure:3822: result: yes
configure:3825: checking for C compiler default output file name
configure:3827: result: a.out
configure:3833: checking for suffix of executables
configure:3840: gclang -o conftest    conftest.c  >&5
configure:3844: $? = 0
configure:3866: result: 
configure:3888: checking whether we are cross compiling
configure:3896: gclang -o conftest    conftest.c  >&5
configure:3900: $? = 0
configure:3907: ./conftest
configure:3911: $? = 0
configure:3899: result: no
configure:3904: checking for suffix of object files
configure:3926: gclang -c   conftest.c >&5
configure:3930: $? = 0
configure:3951: result: o
configure:3955: checking whether we are using the GNU C compiler
configure:3974: gclang -c   conftest.c >&5
configure:3974: $? = 0
configure:3983: result: yes
configure:3992: checking whether gclang accepts -g
configure:4012: gclang -c -g  conftest.c >&5
configure:4012: $? = 0
configure:4053: result: yes
configure:4070: checking for gclang option to accept ISO C89
configure:4133: gclang  -c -g -O2  conftest.c >&5
configure:4133: $? = 0
configure:4146: result: none needed
configure:4171: checking whether gclang understands -c and -o together
configure:4193: gclang -c conftest.c -o conftest2.o
configure:4196: $? = 0
configure:4193: gclang -c conftest.c -o conftest2.o
configure:4196: $? = 0
configure:4208: result: yes
configure:4228: checking whether make supports the include directive
configure:4243: make -f confmf.GNU && cat confinc.out
this is the am__doit target
configure:4246: $? = 0
configure:4265: result: yes (GNU style)
configure:4290: checking dependency style of gclang
configure:4401: result: gcc3
configure:4422: checking how to run the C preprocessor
configure:4453: gclang -E  conftest.c
configure:4453: $? = 0
configure:4467: gclang -E  conftest.c
conftest.c:11:10: fatal error: 'ac_nonexistent.h' file not found
#include <ac_nonexistent.h>
         ^~~~~~~~~~~~~~~~~~
1 error generated.
ERROR:Failed to compile using given arguments:
/usr/lib/llvm-12/bin/clang [-E conftest.c]
exit status: exit status 1
configure:4467: $? = 1
configure: failed program was:
| /* confdefs.h */
| #define PACKAGE_NAME "libgpg-error"
| #define PACKAGE_TARNAME "libgpg-error"
| #define PACKAGE_VERSION "1.46"
| #define PACKAGE_STRING "libgpg-error 1.46"
| #define PACKAGE_BUGREPORT "https://bugs.gnupg.org"
| #define PACKAGE_URL ""
| #define PACKAGE "libgpg-error"
| #define VERSION "1.46"
| /* end confdefs.h.  */
| #include <ac_nonexistent.h>
configure:4492: result: gclang -E
configure:4512: gclang -E  conftest.c
configure:4512: $? = 0
configure:4526: gclang -E  conftest.c
conftest.c:11:10: fatal error: 'ac_nonexistent.h' file not found
#include <ac_nonexistent.h>
         ^~~~~~~~~~~~~~~~~~
1 error generated.
ERROR:Failed to compile using given arguments:
/usr/lib/llvm-12/bin/clang [-E conftest.c]
exit status: exit status 1
configure:4526: $? = 1
configure: failed program was:
| /* confdefs.h */
| #define PACKAGE_NAME "libgpg-error"
| #define PACKAGE_TARNAME "libgpg-error"
| #define PACKAGE_VERSION "1.46"
| #define PACKAGE_STRING "libgpg-error 1.46"
| #define PACKAGE_BUGREPORT "https://bugs.gnupg.org"
| #define PACKAGE_URL ""
| #define PACKAGE "libgpg-error"
| #define VERSION "1.46"
| /* end confdefs.h.  */
| #include <ac_nonexistent.h>
configure:4558: checking for gawk
configure:4585: result: gawk
configure:4639: checking for ar
configure:4655: found /usr/bin/ar
configure:4666: result: ar
configure:4690: checking for grep that handles long lines and -e
configure:4748: result: /usr/bin/grep
configure:4753: checking for egrep
configure:4815: result: /usr/bin/grep -E
configure:4820: checking for ANSI C header files
configure:4840: gclang -c -g -O2  conftest.c >&5
configure:4840: $? = 0
configure:4913: gclang -o conftest -g -O2   conftest.c  >&5
configure:4913: $? = 0
configure:4913: ./conftest
configure:4913: $? = 0
configure:4924: result: yes
configure:4937: checking for sys/types.h
configure:4937: gclang -c -g -O2  conftest.c >&5
configure:4937: $? = 0
configure:4937: result: yes
configure:4937: checking for sys/stat.h
configure:4937: gclang -c -g -O2  conftest.c >&5
configure:4937: $? = 0
configure:4937: result: yes
configure:4937: checking for stdlib.h
configure:4937: gclang -c -g -O2  conftest.c >&5
configure:4937: $? = 0
configure:4937: result: yes
configure:4937: checking for string.h
configure:4937: gclang -c -g -O2  conftest.c >&5
configure:4937: $? = 0
configure:4937: result: yes
configure:4937: checking for memory.h
configure:4937: gclang -c -g -O2  conftest.c >&5
configure:4937: $? = 0
configure:4937: result: yes
configure:4937: checking for strings.h
configure:4937: gclang -c -g -O2  conftest.c >&5
configure:4937: $? = 0
configure:4937: result: yes
configure:4937: checking for inttypes.h
configure:4937: gclang -c -g -O2  conftest.c >&5
configure:4937: $? = 0
configure:4937: result: yes
configure:4937: checking for stdint.h
configure:4937: gclang -c -g -O2  conftest.c >&5
configure:4937: $? = 0
configure:4937: result: yes
configure:4937: checking for unistd.h
configure:4937: gclang -c -g -O2  conftest.c >&5
configure:4937: $? = 0
configure:4937: result: yes
configure:4950: checking minix/config.h usability
configure:4950: gclang -c -g -O2  conftest.c >&5
conftest.cconftest.c::5454::1010::  fatal errorfatal error: : 'minix/config.h' file not found'minix/config.h' file not found

#include <minix/config.h>#include <minix/config.h>

         ^~~~~~~~~~~~~~~~         ^~~~~~~~~~~~~~~~

1 error generated.
1 error generated.
ERROR:Failed to build bitcode file for conftest.c because: exit status 1
ERROR:Failed to compile using given arguments:
/usr/lib/llvm-12/bin/clang [-c -g -O2 conftest.c]
exit status: exit status 1
configure:4950: $? = 1
configure: failed program was:
| /* confdefs.h */
| #define PACKAGE_NAME "libgpg-error"
| #define PACKAGE_TARNAME "libgpg-error"
| #define PACKAGE_VERSION "1.46"
| #define PACKAGE_STRING "libgpg-error 1.46"
| #define PACKAGE_BUGREPORT "https://bugs.gnupg.org"
| #define PACKAGE_URL ""
| #define PACKAGE "libgpg-error"
| #define VERSION "1.46"
| #define STDC_HEADERS 1
| #define HAVE_SYS_TYPES_H 1
| #define HAVE_SYS_STAT_H 1
| #define HAVE_STDLIB_H 1
| #define HAVE_STRING_H 1
| #define HAVE_MEMORY_H 1
| #define HAVE_STRINGS_H 1
| #define HAVE_INTTYPES_H 1
| #define HAVE_STDINT_H 1
| #define HAVE_UNISTD_H 1
| /* end confdefs.h.  */
| #include <stdio.h>
| #ifdef HAVE_SYS_TYPES_H
| # include <sys/types.h>
| #endif
| #ifdef HAVE_SYS_STAT_H
| # include <sys/stat.h>
| #endif
| #ifdef STDC_HEADERS
| # include <stdlib.h>
| # include <stddef.h>
| #else
| # ifdef HAVE_STDLIB_H
| #  include <stdlib.h>
| # endif
| #endif
| #ifdef HAVE_STRING_H
| # if !defined STDC_HEADERS && defined HAVE_MEMORY_H
| #  include <memory.h>
| # endif
| # include <string.h>
| #endif
| #ifdef HAVE_STRINGS_H
| # include <strings.h>
| #endif
| #ifdef HAVE_INTTYPES_H
| # include <inttypes.h>
| #endif
| #ifdef HAVE_STDINT_H
| # include <stdint.h>
| #endif
| #ifdef HAVE_UNISTD_H
| # include <unistd.h>
| #endif
| #include <minix/config.h>
configure:4950: result: no
configure:4950: checking minix/config.h presence
configure:4950: gclang -E  conftest.c
conftest.c:21:10: fatal error: 'minix/config.h' file not found
#include <minix/config.h>
         ^~~~~~~~~~~~~~~~
1 error generated.
ERROR:Failed to compile using given arguments:
/usr/lib/llvm-12/bin/clang [-E conftest.c]
exit status: exit status 1
configure:4950: $? = 1
configure: failed program was:
| /* confdefs.h */
| #define PACKAGE_NAME "libgpg-error"
| #define PACKAGE_TARNAME "libgpg-error"
| #define PACKAGE_VERSION "1.46"
| #define PACKAGE_STRING "libgpg-error 1.46"
| #define PACKAGE_BUGREPORT "https://bugs.gnupg.org"
| #define PACKAGE_URL ""
| #define PACKAGE "libgpg-error"
| #define VERSION "1.46"
| #define STDC_HEADERS 1
| #define HAVE_SYS_TYPES_H 1
| #define HAVE_SYS_STAT_H 1
| #define HAVE_STDLIB_H 1
| #define HAVE_STRING_H 1
| #define HAVE_MEMORY_H 1
| #define HAVE_STRINGS_H 1
| #define HAVE_INTTYPES_H 1
| #define HAVE_STDINT_H 1
| #define HAVE_UNISTD_H 1
| /* end confdefs.h.  */
| #include <minix/config.h>
configure:4950: result: no
configure:4950: checking for minix/config.h
configure:4950: result: no
configure:4971: checking whether it is safe to define __EXTENSIONS__
configure:4989: gclang -c -g -O2  conftest.c >&5
configure:4989: $? = 0
configure:4996: result: yes
configure:5012: checking for nl_langinfo and CODESET
configure:5028: gclang -o conftest -g -O2   conftest.c  >&5
configure:5028: $? = 0
configure:5037: result: yes
configure:5187: checking for special C compiler options needed for large files
configure:5232: result: no
configure:5238: checking for _FILE_OFFSET_BITS value needed for large files
configure:5263: gclang -c -g -O2  conftest.c >&5
configure:5263: $? = 0
configure:5295: result: no
configure:5429: checking how to print strings
configure:5456: result: printf
configure:5477: checking for a sed that does not truncate output
configure:5541: result: /usr/bin/sed
configure:5559: checking for fgrep
configure:5621: result: /usr/bin/grep -F
configure:5656: checking for ld used by gclang
configure:5723: result: /usr/bin/ld
configure:5730: checking if the linker (/usr/bin/ld) is GNU ld
configure:5745: result: yes
configure:5757: checking for BSD- or MS-compatible name lister (nm)
configure:5806: result: /usr/bin/nm -B
configure:5936: checking the name lister (/usr/bin/nm -B) interface
configure:5943: gclang -c -g -O2  conftest.c >&5
configure:5946: /usr/bin/nm -B "conftest.o"
configure:5949: output
0000000000000000 B some_variable
configure:5950: result: BSD nm
configure:5953: checking whether ln -s works
configure:5957: result: yes
configure:5965: checking the maximum length of command line arguments
configure:6095: result: 1572864
configure:6112: checking whether the shell understands some XSI constructs
configure:6121: result: yes
configure:6125: checking whether the shell understands "+="
configure:6129: result: yes
configure:6164: checking how to convert x86_64-pc-linux-gnu file names to x86_64-pc-linux-gnu format
configure:6204: result: func_convert_file_noop
configure:6211: checking how to convert x86_64-pc-linux-gnu file names to toolchain format
configure:6231: result: func_convert_file_noop
configure:6238: checking for /usr/bin/ld option to reload object files
configure:6245: result: -r
configure:6319: checking for objdump
configure:6335: found /usr/bin/objdump
configure:6346: result: objdump
configure:6375: checking how to recognize dependent libraries
configure:6577: result: pass_all
configure:6662: checking for dlltool
configure:6692: result: no
configure:6719: checking how to associate runtime and link libraries
configure:6746: result: printf %s\n
configure:6870: checking for archiver @FILE support
configure:6887: gclang -c -g -O2  conftest.c >&5
configure:6887: $? = 0
configure:6890: ar cru libconftest.a @conftest.lst >&5
ar: `u' modifier ignored since `D' is the default (see `U')
configure:6893: $? = 0
configure:6898: ar cru libconftest.a @conftest.lst >&5
ar: `u' modifier ignored since `D' is the default (see `U')
ar: conftest.o: No such file or directory
configure:6901: $? = 1
configure:6900: result: @
configure:6958: checking for strip
configure:6974: found /usr/bin/strip
configure:6985: result: strip
configure:7057: checking for ranlib
configure:7073: found /usr/bin/ranlib
configure:7084: result: ranlib
configure:7186: checking command to parse /usr/bin/nm -B output from gclang object
configure:7306: gclang -c -g -O2  conftest.c >&5
configure:7309: $? = 0
configure:7313: /usr/bin/nm -B conftest.o \| sed -n -e 's/^.*[ ]\([ABCDGIRSTW][ABCDGIRSTW]*\)[ ][ ]*\([_A-Za-z][_A-Za-z0-9]*\)$/\1 \2 \2/p' | sed '/ __gnu_lto/d' \> conftest.nm
configure:7316: $? = 0
configure:7382: gclang -o conftest -g -O2   conftest.c conftstm.o >&5
configure:7385: $? = 0
configure:7423: result: ok
configure:7460: checking for sysroot
configure:7490: result: no
configure:7567: gclang -c -g -O2  conftest.c >&5
configure:7570: $? = 0
configure:7752: checking for mt
configure:7768: found /usr/bin/mt
configure:7779: result: mt
configure:7802: checking if mt is a manifest tool
configure:7808: mt '-?'
configure:7816: result: no
configure:8450: checking for dlfcn.h
configure:8450: gclang -c -g -O2  conftest.c >&5
configure:8450: $? = 0
configure:8450: result: yes
configure:8953: checking for objdir
configure:8968: result: .libs
configure:9239: checking if gclang supports -fno-rtti -fno-exceptions
configure:9257: gclang -c -g -O2  -fno-rtti -fno-exceptions conftest.c >&5
configure:9261: $? = 0
configure:9274: result: yes
configure:9601: checking for gclang option to produce PIC
configure:9608: result: -fPIC -DPIC
configure:9616: checking if gclang PIC flag -fPIC -DPIC works
configure:9634: gclang -c -g -O2  -fPIC -DPIC -DPIC conftest.c >&5
configure:9638: $? = 0
configure:9651: result: yes
configure:9680: checking if gclang static flag -static works
configure:9708: result: yes
configure:9723: checking if gclang supports -c -o file.o
configure:9744: gclang -c -g -O2  -o out/conftest2.o conftest.c >&5
configure:9748: $? = 0
configure:9770: result: yes
configure:9778: checking if gclang supports -c -o file.o
configure:9825: result: yes
configure:9858: checking whether the gclang linker (/usr/bin/ld -m elf_x86_64) supports shared libraries
configure:11015: result: yes
configure:11052: checking whether -lc should be explicitly linked in
configure:11060: gclang -c -g -O2  conftest.c >&5
configure:11063: $? = 0
configure:11078: gclang -shared  -fPIC -DPIC conftest.o  -v -Wl,-soname -Wl,conftest -o conftest 2\>\&1 \| /usr/bin/grep  -lc  \>/dev/null 2\>\&1
configure:11081: $? = 0
configure:11095: result: no
configure:11255: checking dynamic linker characteristics
configure:11786: gclang -o conftest -g -O2   -Wl,-rpath -Wl,/foo conftest.c  >&5
configure:11786: $? = 0
configure:12020: result: GNU/Linux ld.so
configure:12127: checking how to hardcode library paths into programs
configure:12152: result: immediate
configure:12692: checking whether stripping libraries is possible
configure:12697: result: yes
configure:12732: checking if libtool supports shared libraries
configure:12734: result: yes
configure:12737: checking whether to build shared libraries
configure:12758: result: yes
configure:12761: checking whether to build static libraries
configure:12765: result: no
configure:9819: checking for windres
configure:9849: result: no
configure:10016: checking whether NLS is requested
configure:10025: result: yes
configure:10065: checking for msgfmt
configure:10100: result: no
configure:10106: checking for gmsgfmt
configure:10137: result: :
configure:10182: checking for xgettext
configure:10217: result: no
configure:10259: checking for msgmerge
configure:10293: result: no
configure:10354: checking for ld
configure:10482: result: /usr/bin/ld -m elf_x86_64
configure:10489: checking if the linker (/usr/bin/ld -m elf_x86_64) is GNU ld
configure:10504: result: yes
configure:10511: checking for shared library run path origin
configure:10524: result: done
configure:10545: checking 32-bit host C ABI
configure:10611: gclang -c -g -O2  conftest.c >&5
configure:10611: $? = 0
configure:10798: result: no
configure:10807: checking for ELF binary format
configure:10829: result: yes
configure:10881: checking for the common suffixes of directories in the library search path
configure:10949: result: lib,lib,lib64
configure:11473: checking for CFPreferencesCopyAppValue
configure:11491: gclang -o conftest -g -O2   conftest.c  -Wl,-framework -Wl,CoreFoundation >&5
conftest.c:29:10: fatal error: 'CoreFoundation/CFPreferences.h' file not found
#include <CoreFoundation/CFPreferences.h>
         ^~~~~~~~~~~~~~~~~~~~~~~~~~~~~~~~
1 error generated.
ERROR:Failed to build object file for conftest.c because: exit status 1
conftest.c:29:10: fatal error: 'CoreFoundation/CFPreferences.h' file not found
#include <CoreFoundation/CFPreferences.h>
         ^~~~~~~~~~~~~~~~~~~~~~~~~~~~~~~~
1 error generated.
ERROR:Failed to compile using given arguments:
/usr/lib/llvm-12/bin/clang [-o conftest -g -O2 conftest.c -Wl,-framework -Wl,CoreFoundation]
exit status: exit status 1
conftest.c:29:10: fatal error: 'CoreFoundation/CFPreferences.h' file not found
#include <CoreFoundation/CFPreferences.h>
         ^~~~~~~~~~~~~~~~~~~~~~~~~~~~~~~~
1 error generated.
ERROR:Failed to build bitcode file for conftest.c because: exit status 1
configure:11491: $? = 1
configure: failed program was:
| /* confdefs.h */
| #define PACKAGE_NAME "libgpg-error"
| #define PACKAGE_TARNAME "libgpg-error"
| #define PACKAGE_VERSION "1.46"
| #define PACKAGE_STRING "libgpg-error 1.46"
| #define PACKAGE_BUGREPORT "https://bugs.gnupg.org"
| #define PACKAGE_URL ""
| #define PACKAGE "libgpg-error"
| #define VERSION "1.46"
| #define STDC_HEADERS 1
| #define HAVE_SYS_TYPES_H 1
| #define HAVE_SYS_STAT_H 1
| #define HAVE_STDLIB_H 1
| #define HAVE_STRING_H 1
| #define HAVE_MEMORY_H 1
| #define HAVE_STRINGS_H 1
| #define HAVE_INTTYPES_H 1
| #define HAVE_STDINT_H 1
| #define HAVE_UNISTD_H 1
| #define __EXTENSIONS__ 1
| #define _ALL_SOURCE 1
| #define _GNU_SOURCE 1
| #define _POSIX_PTHREAD_SEMANTICS 1
| #define _TANDEM_SOURCE 1
| #define HAVE_LANGINFO_CODESET 1
| #define HAVE_DLFCN_H 1
| #define LT_OBJDIR ".libs/"
| /* end confdefs.h.  */
| #include <CoreFoundation/CFPreferences.h>
| int
| main ()
| {
| CFPreferencesCopyAppValue(NULL, NULL)
|   ;
|   return 0;
| }
configure:11500: result: no
configure:11507: checking for CFLocaleCopyCurrent
configure:11525: gclang -o conftest -g -O2   conftest.c  -Wl,-framework -Wl,CoreFoundation >&5
conftest.c:29:10: fatal error: 'CoreFoundation/CFLocale.h' file not found
#include <CoreFoundation/CFLocale.h>
         ^~~~~~~~~~~~~~~~~~~~~~~~~~~
1 error generated.
ERROR:Failed to build object file for conftest.c because: exit status 1
conftest.c:29:10: fatal error: 'CoreFoundation/CFLocale.h' file not found
#include <CoreFoundation/CFLocale.h>
         ^~~~~~~~~~~~~~~~~~~~~~~~~~~
1 error generated.
ERROR:Failed to compile using given arguments:
/usr/lib/llvm-12/bin/clang [-o conftest -g -O2 conftest.c -Wl,-framework -Wl,CoreFoundation]
exit status: exit status 1
conftest.c:29:10: fatal error: 'CoreFoundation/CFLocale.h' file not found
#include <CoreFoundation/CFLocale.h>
         ^~~~~~~~~~~~~~~~~~~~~~~~~~~
1 error generated.
ERROR:Failed to build bitcode file for conftest.c because: exit status 1
configure:11525: $? = 1
configure: failed program was:
| /* confdefs.h */
| #define PACKAGE_NAME "libgpg-error"
| #define PACKAGE_TARNAME "libgpg-error"
| #define PACKAGE_VERSION "1.46"
| #define PACKAGE_STRING "libgpg-error 1.46"
| #define PACKAGE_BUGREPORT "https://bugs.gnupg.org"
| #define PACKAGE_URL ""
| #define PACKAGE "libgpg-error"
| #define VERSION "1.46"
| #define STDC_HEADERS 1
| #define HAVE_SYS_TYPES_H 1
| #define HAVE_SYS_STAT_H 1
| #define HAVE_STDLIB_H 1
| #define HAVE_STRING_H 1
| #define HAVE_MEMORY_H 1
| #define HAVE_STRINGS_H 1
| #define HAVE_INTTYPES_H 1
| #define HAVE_STDINT_H 1
| #define HAVE_UNISTD_H 1
| #define __EXTENSIONS__ 1
| #define _ALL_SOURCE 1
| #define _GNU_SOURCE 1
| #define _POSIX_PTHREAD_SEMANTICS 1
| #define _TANDEM_SOURCE 1
| #define HAVE_LANGINFO_CODESET 1
| #define HAVE_DLFCN_H 1
| #define LT_OBJDIR ".libs/"
| /* end confdefs.h.  */
| #include <CoreFoundation/CFLocale.h>
| int
| main ()
| {
| CFLocaleCopyCurrent();
|   ;
|   return 0;
| }
configure:11534: result: no
configure:11583: checking for GNU gettext in libc
configure:11612: gclang -o conftest -g -O2   conftest.c  >&5
configure:11612: $? = 0
configure:11621: result: yes
configure:12510: checking whether to use NLS
configure:12512: result: yes
configure:12515: checking where the gettext function comes from
configure:12526: result: libc
configure:12589: checking locale.h usability
configure:12589: gclang -c -g -O2  conftest.c >&5
configure:12589: $? = 0
configure:12589: result: yes
configure:12589: checking locale.h presence
configure:12589: gclang -E  conftest.c
configure:12589: $? = 0
configure:12589: result: yes
configure:12589: checking for locale.h
configure:12589: result: yes
configure:12589: checking for stdint.h
configure:12589: result: yes
configure:12589: checking sys/select.h usability
configure:12589: gclang -c -g -O2  conftest.c >&5
configure:12589: $? = 0
configure:12589: result: yes
configure:12589: checking sys/select.h presence
configure:12589: gclang -E  conftest.c
configure:12589: $? = 0
configure:12589: result: yes
configure:12589: checking for sys/select.h
configure:12589: result: yes
configure:12589: checking sys/time.h usability
configure:12589: gclang -c -g -O2  conftest.c >&5
configure:12589: $? = 0
configure:12589: result: yes
configure:12589: checking sys/time.h presence
configure:12589: gclang -E  conftest.c
configure:12589: $? = 0
configure:12589: result: yes
configure:12589: checking for sys/time.h
configure:12589: result: yes
configure:12589: checking signal.h usability
configure:12589: gclang -c -g -O2  conftest.c >&5
configure:12589: $? = 0
configure:12589: result: yes
configure:12589: checking signal.h presence
configure:12589: gclang -E  conftest.c
configure:12589: $? = 0
configure:12589: result: yes
configure:12589: checking for signal.h
configure:12589: result: yes
configure:12589: checking poll.h usability
configure:12589: gclang -c -g -O2  conftest.c >&5
configure:12589: $? = 0
configure:12589: result: yes
configure:12589: checking poll.h presence
configure:12589: gclang -E  conftest.c
configure:12589: $? = 0
configure:12589: result: yes
configure:12589: checking for poll.h
configure:12589: result: yes
configure:12589: checking pwd.h usability
configure:12589: gclang -c -g -O2  conftest.c >&5
configure:12589: $? = 0
configure:12589: result: yes
configure:12589: checking pwd.h presence
configure:12589: gclang -E  conftest.c
configure:12589: $? = 0
configure:12589: result: yes
configure:12589: checking for pwd.h
configure:12589: result: yes
configure:12600: checking whether strerror_r is declared
configure:12600: gclang -c -g -O2  conftest.c >&5
configure:12600: $? = 0
configure:12600: result: yes
configure:12613: checking for strerror_r
configure:12613: gclang -o conftest -g -O2   conftest.c  >&5
configure:12613: $? = 0
configure:12613: result: yes
configure:12622: checking whether strerror_r returns char *
configure:12646: gclang -c -g -O2  conftest.c >&5
configure:12646: $? = 0
configure:12684: result: yes
configure:12708: checking for strerror_r
configure:12708: result: yes
configure:12720: checking for pid_t
configure:12720: gclang -c -g -O2  conftest.c >&5
configure:12720: $? = 0
configure:12720: gclang -c -g -O2  conftest.c >&5
conftest.c:78:20: error: expected expression
if (sizeof ((pid_t)))
                   ^
1 error generated.
conftest.c:78:20: error: expected expression
if (sizeof ((pid_t)))
                   ^
1 error generated.
ERROR:Failed to compile using given arguments:
/usr/lib/llvm-12/bin/clang [-c -g -O2 conftest.c]
exit status: exit status 1
ERROR:Failed to build bitcode file for conftest.c because: exit status 1
configure:12720: $? = 1
configure: failed program was:
| /* confdefs.h */
| #define PACKAGE_NAME "libgpg-error"
| #define PACKAGE_TARNAME "libgpg-error"
| #define PACKAGE_VERSION "1.46"
| #define PACKAGE_STRING "libgpg-error 1.46"
| #define PACKAGE_BUGREPORT "https://bugs.gnupg.org"
| #define PACKAGE_URL ""
| #define PACKAGE "libgpg-error"
| #define VERSION "1.46"
| #define STDC_HEADERS 1
| #define HAVE_SYS_TYPES_H 1
| #define HAVE_SYS_STAT_H 1
| #define HAVE_STDLIB_H 1
| #define HAVE_STRING_H 1
| #define HAVE_MEMORY_H 1
| #define HAVE_STRINGS_H 1
| #define HAVE_INTTYPES_H 1
| #define HAVE_STDINT_H 1
| #define HAVE_UNISTD_H 1
| #define __EXTENSIONS__ 1
| #define _ALL_SOURCE 1
| #define _GNU_SOURCE 1
| #define _POSIX_PTHREAD_SEMANTICS 1
| #define _TANDEM_SOURCE 1
| #define HAVE_LANGINFO_CODESET 1
| #define HAVE_DLFCN_H 1
| #define LT_OBJDIR ".libs/"
| #define ENABLE_NLS 1
| #define HAVE_GETTEXT 1
| #define HAVE_DCGETTEXT 1
| #define HAVE_LOCALE_H 1
| #define HAVE_STDINT_H 1
| #define HAVE_SYS_SELECT_H 1
| #define HAVE_SYS_TIME_H 1
| #define HAVE_SIGNAL_H 1
| #define HAVE_POLL_H 1
| #define HAVE_PWD_H 1
| #define HAVE_DECL_STRERROR_R 1
| #define HAVE_STRERROR_R 1
| #define STRERROR_R_CHAR_P 1
| /* end confdefs.h.  */
| #include <stdio.h>
| #ifdef HAVE_SYS_TYPES_H
| # include <sys/types.h>
| #endif
| #ifdef HAVE_SYS_STAT_H
| # include <sys/stat.h>
| #endif
| #ifdef STDC_HEADERS
| # include <stdlib.h>
| # include <stddef.h>
| #else
| # ifdef HAVE_STDLIB_H
| #  include <stdlib.h>
| # endif
| #endif
| #ifdef HAVE_STRING_H
| # if !defined STDC_HEADERS && defined HAVE_MEMORY_H
| #  include <memory.h>
| # endif
| # include <string.h>
| #endif
| #ifdef HAVE_STRINGS_H
| # include <strings.h>
| #endif
| #ifdef HAVE_INTTYPES_H
| # include <inttypes.h>
| #endif
| #ifdef HAVE_STDINT_H
| # include <stdint.h>
| #endif
| #ifdef HAVE_UNISTD_H
| # include <unistd.h>
| #endif
| int
| main ()
| {
| if (sizeof ((pid_t)))
| 	    return 0;
|   ;
|   return 0;
| }
configure:12720: result: yes
configure:12733: checking vfork.h usability
configure:12733: gclang -c -g -O2  conftest.c >&5
conftest.c:75:10: fatal error: 'vfork.h' file not found
#include <vfork.h>
         ^~~~~~~~~
1 error generated.
conftest.c:75:10: fatal error: 'vfork.h' file not found
#include <vfork.h>
         ^~~~~~~~~
1 error generated.
ERROR:Failed to compile using given arguments:
/usr/lib/llvm-12/bin/clang [-c -g -O2 conftest.c]
exit status: exit status 1
ERROR:Failed to build bitcode file for conftest.c because: exit status 1
configure:12733: $? = 1
configure: failed program was:
| /* confdefs.h */
| #define PACKAGE_NAME "libgpg-error"
| #define PACKAGE_TARNAME "libgpg-error"
| #define PACKAGE_VERSION "1.46"
| #define PACKAGE_STRING "libgpg-error 1.46"
| #define PACKAGE_BUGREPORT "https://bugs.gnupg.org"
| #define PACKAGE_URL ""
| #define PACKAGE "libgpg-error"
| #define VERSION "1.46"
| #define STDC_HEADERS 1
| #define HAVE_SYS_TYPES_H 1
| #define HAVE_SYS_STAT_H 1
| #define HAVE_STDLIB_H 1
| #define HAVE_STRING_H 1
| #define HAVE_MEMORY_H 1
| #define HAVE_STRINGS_H 1
| #define HAVE_INTTYPES_H 1
| #define HAVE_STDINT_H 1
| #define HAVE_UNISTD_H 1
| #define __EXTENSIONS__ 1
| #define _ALL_SOURCE 1
| #define _GNU_SOURCE 1
| #define _POSIX_PTHREAD_SEMANTICS 1
| #define _TANDEM_SOURCE 1
| #define HAVE_LANGINFO_CODESET 1
| #define HAVE_DLFCN_H 1
| #define LT_OBJDIR ".libs/"
| #define ENABLE_NLS 1
| #define HAVE_GETTEXT 1
| #define HAVE_DCGETTEXT 1
| #define HAVE_LOCALE_H 1
| #define HAVE_STDINT_H 1
| #define HAVE_SYS_SELECT_H 1
| #define HAVE_SYS_TIME_H 1
| #define HAVE_SIGNAL_H 1
| #define HAVE_POLL_H 1
| #define HAVE_PWD_H 1
| #define HAVE_DECL_STRERROR_R 1
| #define HAVE_STRERROR_R 1
| #define STRERROR_R_CHAR_P 1
| /* end confdefs.h.  */
| #include <stdio.h>
| #ifdef HAVE_SYS_TYPES_H
| # include <sys/types.h>
| #endif
| #ifdef HAVE_SYS_STAT_H
| # include <sys/stat.h>
| #endif
| #ifdef STDC_HEADERS
| # include <stdlib.h>
| # include <stddef.h>
| #else
| # ifdef HAVE_STDLIB_H
| #  include <stdlib.h>
| # endif
| #endif
| #ifdef HAVE_STRING_H
| # if !defined STDC_HEADERS && defined HAVE_MEMORY_H
| #  include <memory.h>
| # endif
| # include <string.h>
| #endif
| #ifdef HAVE_STRINGS_H
| # include <strings.h>
| #endif
| #ifdef HAVE_INTTYPES_H
| # include <inttypes.h>
| #endif
| #ifdef HAVE_STDINT_H
| # include <stdint.h>
| #endif
| #ifdef HAVE_UNISTD_H
| # include <unistd.h>
| #endif
| #include <vfork.h>
configure:12733: result: no
configure:12733: checking vfork.h presence
configure:12733: gclang -E  conftest.c
conftest.c:42:10: fatal error: 'vfork.h' file not found
#include <vfork.h>
         ^~~~~~~~~
1 error generated.
ERROR:Failed to compile using given arguments:
/usr/lib/llvm-12/bin/clang [-E conftest.c]
exit status: exit status 1
configure:12733: $? = 1
configure: failed program was:
| /* confdefs.h */
| #define PACKAGE_NAME "libgpg-error"
| #define PACKAGE_TARNAME "libgpg-error"
| #define PACKAGE_VERSION "1.46"
| #define PACKAGE_STRING "libgpg-error 1.46"
| #define PACKAGE_BUGREPORT "https://bugs.gnupg.org"
| #define PACKAGE_URL ""
| #define PACKAGE "libgpg-error"
| #define VERSION "1.46"
| #define STDC_HEADERS 1
| #define HAVE_SYS_TYPES_H 1
| #define HAVE_SYS_STAT_H 1
| #define HAVE_STDLIB_H 1
| #define HAVE_STRING_H 1
| #define HAVE_MEMORY_H 1
| #define HAVE_STRINGS_H 1
| #define HAVE_INTTYPES_H 1
| #define HAVE_STDINT_H 1
| #define HAVE_UNISTD_H 1
| #define __EXTENSIONS__ 1
| #define _ALL_SOURCE 1
| #define _GNU_SOURCE 1
| #define _POSIX_PTHREAD_SEMANTICS 1
| #define _TANDEM_SOURCE 1
| #define HAVE_LANGINFO_CODESET 1
| #define HAVE_DLFCN_H 1
| #define LT_OBJDIR ".libs/"
| #define ENABLE_NLS 1
| #define HAVE_GETTEXT 1
| #define HAVE_DCGETTEXT 1
| #define HAVE_LOCALE_H 1
| #define HAVE_STDINT_H 1
| #define HAVE_SYS_SELECT_H 1
| #define HAVE_SYS_TIME_H 1
| #define HAVE_SIGNAL_H 1
| #define HAVE_POLL_H 1
| #define HAVE_PWD_H 1
| #define HAVE_DECL_STRERROR_R 1
| #define HAVE_STRERROR_R 1
| #define STRERROR_R_CHAR_P 1
| /* end confdefs.h.  */
| #include <vfork.h>
configure:12733: result: no
configure:12733: checking for vfork.h
configure:12733: result: no
configure:12746: checking for fork
configure:12746: gclang -o conftest -g -O2   conftest.c  >&5
configure:12746: $? = 0
configure:12746: result: yes
configure:12746: checking for vfork
configure:12746: gclang -o conftest -g -O2   conftest.c  >&5
conftest.c:66:6: warning: incompatible redeclaration of library function 'vfork' [-Wincompatible-library-redeclaration]
char vfork ();
     ^
conftest.c:66:6: note: 'vfork' is a builtin with type 'int (void)'
1 warning generated.
conftest.c:66:6: warning: incompatible redeclaration of library function 'vfork' [-Wincompatible-library-redeclaration]
char vfork ();
     ^
conftest.c:66:6: note: 'vfork' is a builtin with type 'int (void)'
1 warning generated.
conftest.c:66:6: warning: incompatible redeclaration of library function 'vfork' [-Wincompatible-library-redeclaration]
char vfork ();
     ^
conftest.c:66:6: note: 'vfork' is a builtin with type 'int (void)'
1 warning generated.
configure:12746: $? = 0
configure:12746: result: yes
configure:12756: checking for working fork
configure:12778: gclang -o conftest -g -O2   conftest.c  >&5
configure:12778: $? = 0
configure:12778: ./conftest
configure:12778: $? = 0
configure:12788: result: yes
configure:12809: checking for working vfork
configure:12919: result: yes
configure:12948: checking for flockfile
configure:12948: gclang -o conftest -g -O2   conftest.c  >&5
configure:12948: $? = 0
configure:12948: result: yes
configure:12948: checking for vasprintf
configure:12948: gclang -o conftest -g -O2   conftest.c  >&5
conftest.c:81:19: warning: format string missing [-Wformat]
return vasprintf ();
       ~~~~~~~~~  ^
1 warning generated.
conftest.c:81:19: warning: format string missing [-Wformat]
return vasprintf ();
       ~~~~~~~~~  ^
conftest.c:81:19: warning: format string missing [-Wformat]
return vasprintf ();
       ~~~~~~~~~  ^
1 warning generated.
1 warning generated.
configure:12948: $? = 0
configure:12948: result: yes
configure:12948: checking for mmap
configure:12948: gclang -o conftest -g -O2   conftest.c  >&5
configure:12948: $? = 0
configure:12948: result: yes
configure:12948: checking for rand
configure:12948: gclang -o conftest -g -O2   conftest.c  >&5
configure:12948: $? = 0
configure:12948: result: yes
configure:12948: checking for strlwr
configure:12948: gclang -o conftest -g -O2   conftest.c  >&5
/usr/bin/ld: /tmp/conftest-943802.o: in function `main':
/home/luwei/libgpg-error-1.46/conftest.c:84: undefined reference to `strlwr'
clang: error: linker command failed with exit code 1 (use -v to see invocation)
ERROR:Failed to compile using given arguments:
/usr/lib/llvm-12/bin/clang [-o conftest -g -O2 conftest.c]
exit status: exit status 1
configure:12948: $? = 1
configure: failed program was:
| /* confdefs.h */
| #define PACKAGE_NAME "libgpg-error"
| #define PACKAGE_TARNAME "libgpg-error"
| #define PACKAGE_VERSION "1.46"
| #define PACKAGE_STRING "libgpg-error 1.46"
| #define PACKAGE_BUGREPORT "https://bugs.gnupg.org"
| #define PACKAGE_URL ""
| #define PACKAGE "libgpg-error"
| #define VERSION "1.46"
| #define STDC_HEADERS 1
| #define HAVE_SYS_TYPES_H 1
| #define HAVE_SYS_STAT_H 1
| #define HAVE_STDLIB_H 1
| #define HAVE_STRING_H 1
| #define HAVE_MEMORY_H 1
| #define HAVE_STRINGS_H 1
| #define HAVE_INTTYPES_H 1
| #define HAVE_STDINT_H 1
| #define HAVE_UNISTD_H 1
| #define __EXTENSIONS__ 1
| #define _ALL_SOURCE 1
| #define _GNU_SOURCE 1
| #define _POSIX_PTHREAD_SEMANTICS 1
| #define _TANDEM_SOURCE 1
| #define HAVE_LANGINFO_CODESET 1
| #define HAVE_DLFCN_H 1
| #define LT_OBJDIR ".libs/"
| #define ENABLE_NLS 1
| #define HAVE_GETTEXT 1
| #define HAVE_DCGETTEXT 1
| #define HAVE_LOCALE_H 1
| #define HAVE_STDINT_H 1
| #define HAVE_SYS_SELECT_H 1
| #define HAVE_SYS_TIME_H 1
| #define HAVE_SIGNAL_H 1
| #define HAVE_POLL_H 1
| #define HAVE_PWD_H 1
| #define HAVE_DECL_STRERROR_R 1
| #define HAVE_STRERROR_R 1
| #define STRERROR_R_CHAR_P 1
| #define HAVE_FORK 1
| #define HAVE_VFORK 1
| #define HAVE_WORKING_VFORK 1
| #define HAVE_WORKING_FORK 1
| #define HAVE_FLOCKFILE 1
| #define HAVE_VASPRINTF 1
| #define HAVE_MMAP 1
| #define HAVE_RAND 1
| /* end confdefs.h.  */
| /* Define strlwr to an innocuous variant, in case <limits.h> declares strlwr.
|    For example, HP-UX 11i <limits.h> declares gettimeofday.  */
| #define strlwr innocuous_strlwr
| 
| /* System header to define __stub macros and hopefully few prototypes,
|     which can conflict with char strlwr (); below.
|     Prefer <limits.h> to <assert.h> if __STDC__ is defined, since
|     <limits.h> exists even on freestanding compilers.  */
| 
| #ifdef __STDC__
| # include <limits.h>
| #else
| # include <assert.h>
| #endif
| 
| #undef strlwr
| 
| /* Override any GCC internal prototype to avoid an error.
|    Use char because int might match the return type of a GCC
|    builtin and then its argument prototype would still apply.  */
| #ifdef __cplusplus
| extern "C"
| #endif
| char strlwr ();
| /* The GNU C library defines this for functions which it implements
|     to always fail with ENOSYS.  Some functions are actually named
|     something starting with __ and the normal name is an alias.  */
| #if defined __stub_strlwr || defined __stub___strlwr
| choke me
| #endif
| 
| int
| main ()
| {
| return strlwr ();
|   ;
|   return 0;
| }
configure:12948: result: no
configure:12948: checking for stpcpy
configure:12948: gclang -o conftest -g -O2   conftest.c  >&5
conftest.c:73:6: warning: incompatible redeclaration of library function 'stpcpy' [-Wincompatible-library-redeclaration]
char stpcpy ();
     ^
conftest.c:73:6: note: 'stpcpy' is a builtin with type 'char *(char *, const char *)'
1 warning generated.
conftest.c:73:6: warning: incompatible redeclaration of library function 'stpcpy' [-Wincompatible-library-redeclaration]
char stpcpy ();
     ^
conftest.c:73:6: note: 'stpcpy' is a builtin with type 'char *(char *, const char *)'
1 warning generated.
conftest.c:73:6: warning: incompatible redeclaration of library function 'stpcpy' [-Wincompatible-library-redeclaration]
char stpcpy ();
     ^
conftest.c:73:6: note: 'stpcpy' is a builtin with type 'char *(char *, const char *)'
1 warning generated.
configure:12948: $? = 0
configure:12948: result: yes
configure:12948: checking for setenv
configure:12948: gclang -o conftest -g -O2   conftest.c  >&5
configure:12948: $? = 0
configure:12948: result: yes
configure:12948: checking for stat
configure:12948: gclang -o conftest -g -O2   conftest.c  >&5
configure:12948: $? = 0
configure:12948: result: yes
configure:12948: checking for getrlimit
configure:12948: gclang -o conftest -g -O2   conftest.c  >&5
configure:12948: $? = 0
configure:12948: result: yes
configure:12948: checking for getpwnam
configure:12948: gclang -o conftest -g -O2   conftest.c  >&5
configure:12948: $? = 0
configure:12948: result: yes
configure:12948: checking for getpwuid
configure:12948: gclang -o conftest -g -O2   conftest.c  >&5
configure:12948: $? = 0
configure:12948: result: yes
configure:12948: checking for getpwnam_r
configure:12948: gclang -o conftest -g -O2   conftest.c  >&5
configure:12948: $? = 0
configure:12948: result: yes
configure:12948: checking for getpwuid_r
configure:12948: gclang -o conftest -g -O2   conftest.c  >&5
configure:12948: $? = 0
configure:12948: result: yes
configure:12948: checking for inet_pton
configure:12948: gclang -o conftest -g -O2   conftest.c  >&5
configure:12948: $? = 0
configure:12948: result: yes
configure:12962: checking for an ANSI C-conforming const
configure:13028: gclang -c -g -O2  conftest.c >&5
configure:13028: $? = 0
configure:13035: result: yes
configure:13048: checking size of int
configure:13053: gclang -o conftest -g -O2   conftest.c  >&5
configure:13053: $? = 0
configure:13053: ./conftest
configure:13053: $? = 0
configure:13067: result: 4
configure:13081: checking size of long
configure:13086: gclang -o conftest -g -O2   conftest.c  >&5
configure:13086: $? = 0
configure:13086: ./conftest
configure:13086: $? = 0
configure:13100: result: 8
configure:13114: checking size of long long
configure:13119: gclang -o conftest -g -O2   conftest.c  >&5
configure:13119: $? = 0
configure:13119: ./conftest
configure:13119: $? = 0
configure:13133: result: 8
configure:13147: checking for sys/stat.h
configure:13147: result: yes
configure:13147: checking for unistd.h
configure:13147: result: yes
configure:13147: checking direct.h usability
configure:13147: gclang -c -g -O2  conftest.c >&5
conftest.c:97:10: fatal error: 'direct.h' file not found
#include <direct.h>
         ^~~~~~~~~~
1 error generated.
conftest.c:97:10: fatal error: 'direct.h' file not found
#include <direct.h>
         ^~~~~~~~~~
1 error generated.
ERROR:Failed to build bitcode file for conftest.c because: exit status 1
ERROR:Failed to compile using given arguments:
/usr/lib/llvm-12/bin/clang [-c -g -O2 conftest.c]
exit status: exit status 1
configure:13147: $? = 1
configure: failed program was:
| /* confdefs.h */
| #define PACKAGE_NAME "libgpg-error"
| #define PACKAGE_TARNAME "libgpg-error"
| #define PACKAGE_VERSION "1.46"
| #define PACKAGE_STRING "libgpg-error 1.46"
| #define PACKAGE_BUGREPORT "https://bugs.gnupg.org"
| #define PACKAGE_URL ""
| #define PACKAGE "libgpg-error"
| #define VERSION "1.46"
| #define STDC_HEADERS 1
| #define HAVE_SYS_TYPES_H 1
| #define HAVE_SYS_STAT_H 1
| #define HAVE_STDLIB_H 1
| #define HAVE_STRING_H 1
| #define HAVE_MEMORY_H 1
| #define HAVE_STRINGS_H 1
| #define HAVE_INTTYPES_H 1
| #define HAVE_STDINT_H 1
| #define HAVE_UNISTD_H 1
| #define __EXTENSIONS__ 1
| #define _ALL_SOURCE 1
| #define _GNU_SOURCE 1
| #define _POSIX_PTHREAD_SEMANTICS 1
| #define _TANDEM_SOURCE 1
| #define HAVE_LANGINFO_CODESET 1
| #define HAVE_DLFCN_H 1
| #define LT_OBJDIR ".libs/"
| #define ENABLE_NLS 1
| #define HAVE_GETTEXT 1
| #define HAVE_DCGETTEXT 1
| #define HAVE_LOCALE_H 1
| #define HAVE_STDINT_H 1
| #define HAVE_SYS_SELECT_H 1
| #define HAVE_SYS_TIME_H 1
| #define HAVE_SIGNAL_H 1
| #define HAVE_POLL_H 1
| #define HAVE_PWD_H 1
| #define HAVE_DECL_STRERROR_R 1
| #define HAVE_STRERROR_R 1
| #define STRERROR_R_CHAR_P 1
| #define HAVE_FORK 1
| #define HAVE_VFORK 1
| #define HAVE_WORKING_VFORK 1
| #define HAVE_WORKING_FORK 1
| #define HAVE_FLOCKFILE 1
| #define HAVE_VASPRINTF 1
| #define HAVE_MMAP 1
| #define HAVE_RAND 1
| #define HAVE_STPCPY 1
| #define HAVE_SETENV 1
| #define HAVE_STAT 1
| #define HAVE_GETRLIMIT 1
| #define HAVE_GETPWNAM 1
| #define HAVE_GETPWUID 1
| #define HAVE_GETPWNAM_R 1
| #define HAVE_GETPWUID_R 1
| #define HAVE_INET_PTON 1
| #define SIZEOF_INT 4
| #define SIZEOF_LONG 8
| #define SIZEOF_LONG_LONG 8
| #define HAVE_SYS_STAT_H 1
| #define HAVE_UNISTD_H 1
| /* end confdefs.h.  */
| #include <stdio.h>
| #ifdef HAVE_SYS_TYPES_H
| # include <sys/types.h>
| #endif
| #ifdef HAVE_SYS_STAT_H
| # include <sys/stat.h>
| #endif
| #ifdef STDC_HEADERS
| # include <stdlib.h>
| # include <stddef.h>
| #else
| # ifdef HAVE_STDLIB_H
| #  include <stdlib.h>
| # endif
| #endif
| #ifdef HAVE_STRING_H
| # if !defined STDC_HEADERS && defined HAVE_MEMORY_H
| #  include <memory.h>
| # endif
| # include <string.h>
| #endif
| #ifdef HAVE_STRINGS_H
| # include <strings.h>
| #endif
| #ifdef HAVE_INTTYPES_H
| # include <inttypes.h>
| #endif
| #ifdef HAVE_STDINT_H
| # include <stdint.h>
| #endif
| #ifdef HAVE_UNISTD_H
| # include <unistd.h>
| #endif
| #include <direct.h>
configure:13147: result: no
configure:13147: checking direct.h presence
configure:13147: gclang -E  conftest.c
conftest.c:64:10: fatal error: 'direct.h' file not found
#include <direct.h>
         ^~~~~~~~~~
1 error generated.
ERROR:Failed to compile using given arguments:
/usr/lib/llvm-12/bin/clang [-E conftest.c]
exit status: exit status 1
configure:13147: $? = 1
configure: failed program was:
| /* confdefs.h */
| #define PACKAGE_NAME "libgpg-error"
| #define PACKAGE_TARNAME "libgpg-error"
| #define PACKAGE_VERSION "1.46"
| #define PACKAGE_STRING "libgpg-error 1.46"
| #define PACKAGE_BUGREPORT "https://bugs.gnupg.org"
| #define PACKAGE_URL ""
| #define PACKAGE "libgpg-error"
| #define VERSION "1.46"
| #define STDC_HEADERS 1
| #define HAVE_SYS_TYPES_H 1
| #define HAVE_SYS_STAT_H 1
| #define HAVE_STDLIB_H 1
| #define HAVE_STRING_H 1
| #define HAVE_MEMORY_H 1
| #define HAVE_STRINGS_H 1
| #define HAVE_INTTYPES_H 1
| #define HAVE_STDINT_H 1
| #define HAVE_UNISTD_H 1
| #define __EXTENSIONS__ 1
| #define _ALL_SOURCE 1
| #define _GNU_SOURCE 1
| #define _POSIX_PTHREAD_SEMANTICS 1
| #define _TANDEM_SOURCE 1
| #define HAVE_LANGINFO_CODESET 1
| #define HAVE_DLFCN_H 1
| #define LT_OBJDIR ".libs/"
| #define ENABLE_NLS 1
| #define HAVE_GETTEXT 1
| #define HAVE_DCGETTEXT 1
| #define HAVE_LOCALE_H 1
| #define HAVE_STDINT_H 1
| #define HAVE_SYS_SELECT_H 1
| #define HAVE_SYS_TIME_H 1
| #define HAVE_SIGNAL_H 1
| #define HAVE_POLL_H 1
| #define HAVE_PWD_H 1
| #define HAVE_DECL_STRERROR_R 1
| #define HAVE_STRERROR_R 1
| #define STRERROR_R_CHAR_P 1
| #define HAVE_FORK 1
| #define HAVE_VFORK 1
| #define HAVE_WORKING_VFORK 1
| #define HAVE_WORKING_FORK 1
| #define HAVE_FLOCKFILE 1
| #define HAVE_VASPRINTF 1
| #define HAVE_MMAP 1
| #define HAVE_RAND 1
| #define HAVE_STPCPY 1
| #define HAVE_SETENV 1
| #define HAVE_STAT 1
| #define HAVE_GETRLIMIT 1
| #define HAVE_GETPWNAM 1
| #define HAVE_GETPWUID 1
| #define HAVE_GETPWNAM_R 1
| #define HAVE_GETPWUID_R 1
| #define HAVE_INET_PTON 1
| #define SIZEOF_INT 4
| #define SIZEOF_LONG 8
| #define SIZEOF_LONG_LONG 8
| #define HAVE_SYS_STAT_H 1
| #define HAVE_UNISTD_H 1
| /* end confdefs.h.  */
| #include <direct.h>
configure:13147: result: no
configure:13147: checking for direct.h
configure:13147: result: no
configure:13157: checking if mkdir takes one argument
configure:13183: gclang -c -g -O2  conftest.c >&5
configure:13183: $? = 0
configure:13190: result: no
configure:13226: checking for cc features
configure:13231: checking if gcc ignores unknown -Wno-* options
configure:13247: gclang -c -g -O2  conftest.c >&5
conftest.cconftest.c::6767::22::  errorerror: : invalid preprocessing directiveinvalid preprocessing directive

#kickerror#kickerror

 ^ ^

1 error generated.
1 error generated.
ERROR:Failed to compile using given arguments:
/usr/lib/llvm-12/bin/clang [-c -g -O2 conftest.c]
exit status: exit status 1
ERROR:Failed to build bitcode file for conftest.c because: exit status 1
configure:13247: $? = 1
configure: failed program was:
| /* confdefs.h */
| #define PACKAGE_NAME "libgpg-error"
| #define PACKAGE_TARNAME "libgpg-error"
| #define PACKAGE_VERSION "1.46"
| #define PACKAGE_STRING "libgpg-error 1.46"
| #define PACKAGE_BUGREPORT "https://bugs.gnupg.org"
| #define PACKAGE_URL ""
| #define PACKAGE "libgpg-error"
| #define VERSION "1.46"
| #define STDC_HEADERS 1
| #define HAVE_SYS_TYPES_H 1
| #define HAVE_SYS_STAT_H 1
| #define HAVE_STDLIB_H 1
| #define HAVE_STRING_H 1
| #define HAVE_MEMORY_H 1
| #define HAVE_STRINGS_H 1
| #define HAVE_INTTYPES_H 1
| #define HAVE_STDINT_H 1
| #define HAVE_UNISTD_H 1
| #define __EXTENSIONS__ 1
| #define _ALL_SOURCE 1
| #define _GNU_SOURCE 1
| #define _POSIX_PTHREAD_SEMANTICS 1
| #define _TANDEM_SOURCE 1
| #define HAVE_LANGINFO_CODESET 1
| #define HAVE_DLFCN_H 1
| #define LT_OBJDIR ".libs/"
| #define ENABLE_NLS 1
| #define HAVE_GETTEXT 1
| #define HAVE_DCGETTEXT 1
| #define HAVE_LOCALE_H 1
| #define HAVE_STDINT_H 1
| #define HAVE_SYS_SELECT_H 1
| #define HAVE_SYS_TIME_H 1
| #define HAVE_SIGNAL_H 1
| #define HAVE_POLL_H 1
| #define HAVE_PWD_H 1
| #define HAVE_DECL_STRERROR_R 1
| #define HAVE_STRERROR_R 1
| #define STRERROR_R_CHAR_P 1
| #define HAVE_FORK 1
| #define HAVE_VFORK 1
| #define HAVE_WORKING_VFORK 1
| #define HAVE_WORKING_FORK 1
| #define HAVE_FLOCKFILE 1
| #define HAVE_VASPRINTF 1
| #define HAVE_MMAP 1
| #define HAVE_RAND 1
| #define HAVE_STPCPY 1
| #define HAVE_SETENV 1
| #define HAVE_STAT 1
| #define HAVE_GETRLIMIT 1
| #define HAVE_GETPWNAM 1
| #define HAVE_GETPWUID 1
| #define HAVE_GETPWNAM_R 1
| #define HAVE_GETPWUID_R 1
| #define HAVE_INET_PTON 1
| #define SIZEOF_INT 4
| #define SIZEOF_LONG 8
| #define SIZEOF_LONG_LONG 8
| #define HAVE_SYS_STAT_H 1
| #define HAVE_UNISTD_H 1
| #define REPLACEMENT_FOR_OFF_T "long"
| /* end confdefs.h.  */
| 
| #if __GNUC__ < 4 || (__GNUC__ == 4 && __GNUC_MINOR__ < 6 )
| #kickerror
| #endif
| int
| main ()
| {
| 
|   ;
|   return 0;
| }
configure:13253: result: no
configure:13329: checking if gcc supports -Wpointer-arith
configure:13344: gclang -c -Wpointer-arith  conftest.c >&5
configure:13344: $? = 0
configure:13350: result: yes
configure:13369: checking whether the GCC style aligned attribute is supported
configure:13379: gclang -c -g -O2 -Wall -Wpointer-arith  conftest.c >&5
configure:13379: $? = 0
configure:13384: result: yes
configure:13395: checking whether the visibility attribute is supported
configure:13418: result: yes
configure:13421: checking for broken visibility attribute
configure:13445: result: no
configure:13449: checking for broken alias attribute
configure:13475: result: no
configure:13479: checking if gcc supports -fvisibility=hidden
configure:13498: gclang -c -fvisibility=hidden  conftest.c >&5
configure:13498: $? = 0
configure:13505: result: yes
configure:13575: checking for threads.h
configure:13575: gclang -c -g -O2 -Wall -Wpointer-arith -fvisibility=hidden  conftest.c >&5
configure:13575: $? = 0
configure:13575: result: yes
configure:13598: checking whether imported symbols can be declared weak
configure:13616: gclang -o conftest -g -O2 -Wall -Wpointer-arith -fvisibility=hidden   conftest.c  >&5
configure:13616: $? = 0
configure:13650: gclang -o conftest -g -O2 -Wall -Wpointer-arith -fvisibility=hidden   conftest.c  >&5
configure:13650: $? = 0
configure:13650: ./conftest
configure:13650: $? = 0
configure:13686: result: yes
configure:13715: checking pthread.h usability
configure:13715: gclang -c -g -O2 -Wall -Wpointer-arith -fvisibility=hidden  conftest.c >&5
configure:13715: $? = 0
configure:13715: result: yes
configure:13715: checking pthread.h presence
configure:13715: gclang -E  conftest.c
configure:13715: $? = 0
configure:13715: result: yes
configure:13715: checking for pthread.h
configure:13715: result: yes
configure:13752: gclang -o conftest -g -O2 -Wall -Wpointer-arith -fvisibility=hidden   conftest.c   >&5
/usr/bin/ld: /tmp/conftest-810351.o: in function `main':
/home/luwei/libgpg-error-1.46/conftest.c:77: undefined reference to `pthread_mutexattr_init'
clang: error: linker command failed with exit code 1 (use -v to see invocation)
ERROR:Failed to compile using given arguments:
/usr/lib/llvm-12/bin/clang [-o conftest -g -O2 -Wall -Wpointer-arith -fvisibility=hidden conftest.c]
exit status: exit status 1
configure:13752: $? = 1
configure: failed program was:
| /* confdefs.h */
| #define PACKAGE_NAME "libgpg-error"
| #define PACKAGE_TARNAME "libgpg-error"
| #define PACKAGE_VERSION "1.46"
| #define PACKAGE_STRING "libgpg-error 1.46"
| #define PACKAGE_BUGREPORT "https://bugs.gnupg.org"
| #define PACKAGE_URL ""
| #define PACKAGE "libgpg-error"
| #define VERSION "1.46"
| #define STDC_HEADERS 1
| #define HAVE_SYS_TYPES_H 1
| #define HAVE_SYS_STAT_H 1
| #define HAVE_STDLIB_H 1
| #define HAVE_STRING_H 1
| #define HAVE_MEMORY_H 1
| #define HAVE_STRINGS_H 1
| #define HAVE_INTTYPES_H 1
| #define HAVE_STDINT_H 1
| #define HAVE_UNISTD_H 1
| #define __EXTENSIONS__ 1
| #define _ALL_SOURCE 1
| #define _GNU_SOURCE 1
| #define _POSIX_PTHREAD_SEMANTICS 1
| #define _TANDEM_SOURCE 1
| #define HAVE_LANGINFO_CODESET 1
| #define HAVE_DLFCN_H 1
| #define LT_OBJDIR ".libs/"
| #define ENABLE_NLS 1
| #define HAVE_GETTEXT 1
| #define HAVE_DCGETTEXT 1
| #define HAVE_LOCALE_H 1
| #define HAVE_STDINT_H 1
| #define HAVE_SYS_SELECT_H 1
| #define HAVE_SYS_TIME_H 1
| #define HAVE_SIGNAL_H 1
| #define HAVE_POLL_H 1
| #define HAVE_PWD_H 1
| #define HAVE_DECL_STRERROR_R 1
| #define HAVE_STRERROR_R 1
| #define STRERROR_R_CHAR_P 1
| #define HAVE_FORK 1
| #define HAVE_VFORK 1
| #define HAVE_WORKING_VFORK 1
| #define HAVE_WORKING_FORK 1
| #define HAVE_FLOCKFILE 1
| #define HAVE_VASPRINTF 1
| #define HAVE_MMAP 1
| #define HAVE_RAND 1
| #define HAVE_STPCPY 1
| #define HAVE_SETENV 1
| #define HAVE_STAT 1
| #define HAVE_GETRLIMIT 1
| #define HAVE_GETPWNAM 1
| #define HAVE_GETPWUID 1
| #define HAVE_GETPWNAM_R 1
| #define HAVE_GETPWUID_R 1
| #define HAVE_INET_PTON 1
| #define SIZEOF_INT 4
| #define SIZEOF_LONG 8
| #define SIZEOF_LONG_LONG 8
| #define HAVE_SYS_STAT_H 1
| #define HAVE_UNISTD_H 1
| #define REPLACEMENT_FOR_OFF_T "long"
| #define HAVE_GCC_ATTRIBUTE_ALIGNED 1
| #define GPGRT_USE_VISIBILITY 1
| #define HAVE_THREADS_H 1
| #define HAVE_WEAK_SYMBOLS 1
| /* end confdefs.h.  */
| #include <pthread.h>
|                pthread_mutex_t m;
|                pthread_mutexattr_t ma;
| 
| int
| main ()
| {
| pthread_mutex_lock (&m);
|                pthread_mutexattr_init (&ma);
|   ;
|   return 0;
| }
configure:13752: gclang -o conftest -g -O2 -Wall -Wpointer-arith -fvisibility=hidden   conftest.c  -pthread >&5
configure:13752: $? = 0
configure:16843: gl_pthread_api=yes
configure:16844: LIBPTHREAD=-pthread
configure:16869: gl_pthread_in_glibc=no
configure:17023: LIBPMULTITHREAD=-pthread
configure:13944: checking whether POSIX threads API is available
configure:13946: result: yes
configure:13967: gclang -o conftest -g -O2 -Wall -Wpointer-arith -fvisibility=hidden   conftest.c  >&5
configure:13967: $? = 0
configure:14568: checking for multithread API to use
configure:14570: result: posix
configure:14586: checking for pthread_rwlock_t
configure:14586: gclang -c -g -O2 -Wall -Wpointer-arith -fvisibility=hidden  conftest.c >&5
configure:14586: $? = 0
configure:14586: gclang -c -g -O2 -Wall -Wpointer-arith -fvisibility=hidden  conftest.c >&5
conftest.c:77:31: error: expected expression
if (sizeof ((pthread_rwlock_t)))
                              ^
conftest.c:77:1 error generated.
31: error: expected expression
if (sizeof ((pthread_rwlock_t)))
                              ^
1 error generated.
ERROR:Failed to compile using given arguments:
/usr/lib/llvm-12/bin/clang [-c -g -O2 -Wall -Wpointer-arith -fvisibility=hidden conftest.c]
exit status: exit status 1
ERROR:Failed to build bitcode file for conftest.c because: exit status 1
configure:14586: $? = 1
configure: failed program was:
| /* confdefs.h */
| #define PACKAGE_NAME "libgpg-error"
| #define PACKAGE_TARNAME "libgpg-error"
| #define PACKAGE_VERSION "1.46"
| #define PACKAGE_STRING "libgpg-error 1.46"
| #define PACKAGE_BUGREPORT "https://bugs.gnupg.org"
| #define PACKAGE_URL ""
| #define PACKAGE "libgpg-error"
| #define VERSION "1.46"
| #define STDC_HEADERS 1
| #define HAVE_SYS_TYPES_H 1
| #define HAVE_SYS_STAT_H 1
| #define HAVE_STDLIB_H 1
| #define HAVE_STRING_H 1
| #define HAVE_MEMORY_H 1
| #define HAVE_STRINGS_H 1
| #define HAVE_INTTYPES_H 1
| #define HAVE_STDINT_H 1
| #define HAVE_UNISTD_H 1
| #define __EXTENSIONS__ 1
| #define _ALL_SOURCE 1
| #define _GNU_SOURCE 1
| #define _POSIX_PTHREAD_SEMANTICS 1
| #define _TANDEM_SOURCE 1
| #define HAVE_LANGINFO_CODESET 1
| #define HAVE_DLFCN_H 1
| #define LT_OBJDIR ".libs/"
| #define ENABLE_NLS 1
| #define HAVE_GETTEXT 1
| #define HAVE_DCGETTEXT 1
| #define HAVE_LOCALE_H 1
| #define HAVE_STDINT_H 1
| #define HAVE_SYS_SELECT_H 1
| #define HAVE_SYS_TIME_H 1
| #define HAVE_SIGNAL_H 1
| #define HAVE_POLL_H 1
| #define HAVE_PWD_H 1
| #define HAVE_DECL_STRERROR_R 1
| #define HAVE_STRERROR_R 1
| #define STRERROR_R_CHAR_P 1
| #define HAVE_FORK 1
| #define HAVE_VFORK 1
| #define HAVE_WORKING_VFORK 1
| #define HAVE_WORKING_FORK 1
| #define HAVE_FLOCKFILE 1
| #define HAVE_VASPRINTF 1
| #define HAVE_MMAP 1
| #define HAVE_RAND 1
| #define HAVE_STPCPY 1
| #define HAVE_SETENV 1
| #define HAVE_STAT 1
| #define HAVE_GETRLIMIT 1
| #define HAVE_GETPWNAM 1
| #define HAVE_GETPWUID 1
| #define HAVE_GETPWNAM_R 1
| #define HAVE_GETPWUID_R 1
| #define HAVE_INET_PTON 1
| #define SIZEOF_INT 4
| #define SIZEOF_LONG 8
| #define SIZEOF_LONG_LONG 8
| #define HAVE_SYS_STAT_H 1
| #define HAVE_UNISTD_H 1
| #define REPLACEMENT_FOR_OFF_T "long"
| #define HAVE_GCC_ATTRIBUTE_ALIGNED 1
| #define GPGRT_USE_VISIBILITY 1
| #define HAVE_THREADS_H 1
| #define HAVE_WEAK_SYMBOLS 1
| #define HAVE_PTHREAD_API 1
| #define USE_POSIX_THREADS 1
| #define USE_POSIX_THREADS_WEAK 1
| /* end confdefs.h.  */
| #include <pthread.h>
| 
| int
| main ()
| {
| if (sizeof ((pthread_rwlock_t)))
| 	    return 0;
|   ;
|   return 0;
| }
configure:14586: result: yes
configure:14617: gclang -c -g -O2 -Wall -Wpointer-arith -fvisibility=hidden  conftest.c >&5
configure:14617: $? = 0
configure:14631: checking size of pthread_mutex_t
configure:14636: gclang -o conftest -g -O2 -Wall -Wpointer-arith -fvisibility=hidden   conftest.c  >&5
configure:14636: $? = 0
configure:14636: ./conftest
configure:14636: $? = 0
configure:14652: result: 40
configure:14664: checking sys/single_threaded.h usability
configure:14664: gclang -c -g -O2 -Wall -Wpointer-arith -fvisibility=hidden  conftest.c >&5
conftest.c:108:10: fatal error: 'sys/single_threaded.h' file not found
#include <sys/single_threaded.h>
         ^~~~~~~~~~~~~~~~~~~~~~~
1 error generated.
conftest.c:108:10: fatal error: 'sys/single_threaded.h' file not found
#include <sys/single_threaded.h>
         ^~~~~~~~~~~~~~~~~~~~~~~
1 error generated.
ERROR:Failed to build bitcode file for conftest.c because: exit status 1
ERROR:Failed to compile using given arguments:
/usr/lib/llvm-12/bin/clang [-c -g -O2 -Wall -Wpointer-arith -fvisibility=hidden conftest.c]
exit status: exit status 1
configure:14664: $? = 1
configure: failed program was:
| /* confdefs.h */
| #define PACKAGE_NAME "libgpg-error"
| #define PACKAGE_TARNAME "libgpg-error"
| #define PACKAGE_VERSION "1.46"
| #define PACKAGE_STRING "libgpg-error 1.46"
| #define PACKAGE_BUGREPORT "https://bugs.gnupg.org"
| #define PACKAGE_URL ""
| #define PACKAGE "libgpg-error"
| #define VERSION "1.46"
| #define STDC_HEADERS 1
| #define HAVE_SYS_TYPES_H 1
| #define HAVE_SYS_STAT_H 1
| #define HAVE_STDLIB_H 1
| #define HAVE_STRING_H 1
| #define HAVE_MEMORY_H 1
| #define HAVE_STRINGS_H 1
| #define HAVE_INTTYPES_H 1
| #define HAVE_STDINT_H 1
| #define HAVE_UNISTD_H 1
| #define __EXTENSIONS__ 1
| #define _ALL_SOURCE 1
| #define _GNU_SOURCE 1
| #define _POSIX_PTHREAD_SEMANTICS 1
| #define _TANDEM_SOURCE 1
| #define HAVE_LANGINFO_CODESET 1
| #define HAVE_DLFCN_H 1
| #define LT_OBJDIR ".libs/"
| #define ENABLE_NLS 1
| #define HAVE_GETTEXT 1
| #define HAVE_DCGETTEXT 1
| #define HAVE_LOCALE_H 1
| #define HAVE_STDINT_H 1
| #define HAVE_SYS_SELECT_H 1
| #define HAVE_SYS_TIME_H 1
| #define HAVE_SIGNAL_H 1
| #define HAVE_POLL_H 1
| #define HAVE_PWD_H 1
| #define HAVE_DECL_STRERROR_R 1
| #define HAVE_STRERROR_R 1
| #define STRERROR_R_CHAR_P 1
| #define HAVE_FORK 1
| #define HAVE_VFORK 1
| #define HAVE_WORKING_VFORK 1
| #define HAVE_WORKING_FORK 1
| #define HAVE_FLOCKFILE 1
| #define HAVE_VASPRINTF 1
| #define HAVE_MMAP 1
| #define HAVE_RAND 1
| #define HAVE_STPCPY 1
| #define HAVE_SETENV 1
| #define HAVE_STAT 1
| #define HAVE_GETRLIMIT 1
| #define HAVE_GETPWNAM 1
| #define HAVE_GETPWUID 1
| #define HAVE_GETPWNAM_R 1
| #define HAVE_GETPWUID_R 1
| #define HAVE_INET_PTON 1
| #define SIZEOF_INT 4
| #define SIZEOF_LONG 8
| #define SIZEOF_LONG_LONG 8
| #define HAVE_SYS_STAT_H 1
| #define HAVE_UNISTD_H 1
| #define REPLACEMENT_FOR_OFF_T "long"
| #define HAVE_GCC_ATTRIBUTE_ALIGNED 1
| #define GPGRT_USE_VISIBILITY 1
| #define HAVE_THREADS_H 1
| #define HAVE_WEAK_SYMBOLS 1
| #define HAVE_PTHREAD_API 1
| #define USE_POSIX_THREADS 1
| #define USE_POSIX_THREADS_WEAK 1
| #define HAVE_PTHREAD_RWLOCK 1
| #define HAVE_PTHREAD_MUTEX_RECURSIVE 1
| #define SIZEOF_PTHREAD_MUTEX_T 40
| /* end confdefs.h.  */
| #include <stdio.h>
| #ifdef HAVE_SYS_TYPES_H
| # include <sys/types.h>
| #endif
| #ifdef HAVE_SYS_STAT_H
| # include <sys/stat.h>
| #endif
| #ifdef STDC_HEADERS
| # include <stdlib.h>
| # include <stddef.h>
| #else
| # ifdef HAVE_STDLIB_H
| #  include <stdlib.h>
| # endif
| #endif
| #ifdef HAVE_STRING_H
| # if !defined STDC_HEADERS && defined HAVE_MEMORY_H
| #  include <memory.h>
| # endif
| # include <string.h>
| #endif
| #ifdef HAVE_STRINGS_H
| # include <strings.h>
| #endif
| #ifdef HAVE_INTTYPES_H
| # include <inttypes.h>
| #endif
| #ifdef HAVE_STDINT_H
| # include <stdint.h>
| #endif
| #ifdef HAVE_UNISTD_H
| # include <unistd.h>
| #endif
| #include <sys/single_threaded.h>
configure:14664: result: no
configure:14664: checking sys/single_threaded.h presence
configure:14664: gclang -E  conftest.c
conftest.c:75:10: fatal error: 'sys/single_threaded.h' file not found
#include <sys/single_threaded.h>
         ^~~~~~~~~~~~~~~~~~~~~~~
1 error generated.
ERROR:Failed to compile using given arguments:
/usr/lib/llvm-12/bin/clang [-E conftest.c]
exit status: exit status 1
configure:14664: $? = 1
configure: failed program was:
| /* confdefs.h */
| #define PACKAGE_NAME "libgpg-error"
| #define PACKAGE_TARNAME "libgpg-error"
| #define PACKAGE_VERSION "1.46"
| #define PACKAGE_STRING "libgpg-error 1.46"
| #define PACKAGE_BUGREPORT "https://bugs.gnupg.org"
| #define PACKAGE_URL ""
| #define PACKAGE "libgpg-error"
| #define VERSION "1.46"
| #define STDC_HEADERS 1
| #define HAVE_SYS_TYPES_H 1
| #define HAVE_SYS_STAT_H 1
| #define HAVE_STDLIB_H 1
| #define HAVE_STRING_H 1
| #define HAVE_MEMORY_H 1
| #define HAVE_STRINGS_H 1
| #define HAVE_INTTYPES_H 1
| #define HAVE_STDINT_H 1
| #define HAVE_UNISTD_H 1
| #define __EXTENSIONS__ 1
| #define _ALL_SOURCE 1
| #define _GNU_SOURCE 1
| #define _POSIX_PTHREAD_SEMANTICS 1
| #define _TANDEM_SOURCE 1
| #define HAVE_LANGINFO_CODESET 1
| #define HAVE_DLFCN_H 1
| #define LT_OBJDIR ".libs/"
| #define ENABLE_NLS 1
| #define HAVE_GETTEXT 1
| #define HAVE_DCGETTEXT 1
| #define HAVE_LOCALE_H 1
| #define HAVE_STDINT_H 1
| #define HAVE_SYS_SELECT_H 1
| #define HAVE_SYS_TIME_H 1
| #define HAVE_SIGNAL_H 1
| #define HAVE_POLL_H 1
| #define HAVE_PWD_H 1
| #define HAVE_DECL_STRERROR_R 1
| #define HAVE_STRERROR_R 1
| #define STRERROR_R_CHAR_P 1
| #define HAVE_FORK 1
| #define HAVE_VFORK 1
| #define HAVE_WORKING_VFORK 1
| #define HAVE_WORKING_FORK 1
| #define HAVE_FLOCKFILE 1
| #define HAVE_VASPRINTF 1
| #define HAVE_MMAP 1
| #define HAVE_RAND 1
| #define HAVE_STPCPY 1
| #define HAVE_SETENV 1
| #define HAVE_STAT 1
| #define HAVE_GETRLIMIT 1
| #define HAVE_GETPWNAM 1
| #define HAVE_GETPWUID 1
| #define HAVE_GETPWNAM_R 1
| #define HAVE_GETPWUID_R 1
| #define HAVE_INET_PTON 1
| #define SIZEOF_INT 4
| #define SIZEOF_LONG 8
| #define SIZEOF_LONG_LONG 8
| #define HAVE_SYS_STAT_H 1
| #define HAVE_UNISTD_H 1
| #define REPLACEMENT_FOR_OFF_T "long"
| #define HAVE_GCC_ATTRIBUTE_ALIGNED 1
| #define GPGRT_USE_VISIBILITY 1
| #define HAVE_THREADS_H 1
| #define HAVE_WEAK_SYMBOLS 1
| #define HAVE_PTHREAD_API 1
| #define USE_POSIX_THREADS 1
| #define USE_POSIX_THREADS_WEAK 1
| #define HAVE_PTHREAD_RWLOCK 1
| #define HAVE_PTHREAD_MUTEX_RECURSIVE 1
| #define SIZEOF_PTHREAD_MUTEX_T 40
| /* end confdefs.h.  */
| #include <sys/single_threaded.h>
configure:14664: result: no
configure:14664: checking for sys/single_threaded.h
configure:14664: result: no
configure:14685: checking for library containing sched_yield
configure:14716: gclang -o conftest -g -O2 -Wall -Wpointer-arith -fvisibility=hidden   conftest.c  >&5
configure:14716: $? = 0
configure:14733: result: none required
configure:14747: checking for library containing inet_addr
configure:14778: gclang -o conftest -g -O2 -Wall -Wpointer-arith -fvisibility=hidden   conftest.c  >&5
configure:14778: $? = 0
configure:14795: result: none required
configure:14805: checking for library containing socket
configure:14836: gclang -o conftest -g -O2 -Wall -Wpointer-arith -fvisibility=hidden   conftest.c  >&5
configure:14836: $? = 0
configure:14853: result: none required
configure:14890: checking whether readline via "-lreadline" is present and sane
configure:14915: gclang -o conftest -g -O2 -Wall -Wpointer-arith -fvisibility=hidden   conftest.c  -lreadline >&5
conftest.c:77:10: fatal error: 'readline/readline.h' file not found
#include <readline/readline.h>
         ^~~~~~~~~~~~~~~~~~~~~
1 error generated.
ERROR:Failed to build object file for conftest.c because: exit status 1
conftest.c:77:10: fatal error: 'readline/readline.h' file not found
#include <readline/readline.h>
         ^~~~~~~~~~~~~~~~~~~~~
1 error generated.
ERROR:Failed to compile using given arguments:
/usr/lib/llvm-12/bin/clang [-o conftest -g -O2 -Wall -Wpointer-arith -fvisibility=hidden conftest.c -lreadline]
exit status: exit status 1
conftest.c:77:10: fatal error: 'readline/readline.h' file not found
#include <readline/readline.h>
         ^~~~~~~~~~~~~~~~~~~~~
1 error generated.
ERROR:Failed to build bitcode file for conftest.c because: exit status 1
configure:14915: $? = 1
configure: failed program was:
| /* confdefs.h */
| #define PACKAGE_NAME "libgpg-error"
| #define PACKAGE_TARNAME "libgpg-error"
| #define PACKAGE_VERSION "1.46"
| #define PACKAGE_STRING "libgpg-error 1.46"
| #define PACKAGE_BUGREPORT "https://bugs.gnupg.org"
| #define PACKAGE_URL ""
| #define PACKAGE "libgpg-error"
| #define VERSION "1.46"
| #define STDC_HEADERS 1
| #define HAVE_SYS_TYPES_H 1
| #define HAVE_SYS_STAT_H 1
| #define HAVE_STDLIB_H 1
| #define HAVE_STRING_H 1
| #define HAVE_MEMORY_H 1
| #define HAVE_STRINGS_H 1
| #define HAVE_INTTYPES_H 1
| #define HAVE_STDINT_H 1
| #define HAVE_UNISTD_H 1
| #define __EXTENSIONS__ 1
| #define _ALL_SOURCE 1
| #define _GNU_SOURCE 1
| #define _POSIX_PTHREAD_SEMANTICS 1
| #define _TANDEM_SOURCE 1
| #define HAVE_LANGINFO_CODESET 1
| #define HAVE_DLFCN_H 1
| #define LT_OBJDIR ".libs/"
| #define ENABLE_NLS 1
| #define HAVE_GETTEXT 1
| #define HAVE_DCGETTEXT 1
| #define HAVE_LOCALE_H 1
| #define HAVE_STDINT_H 1
| #define HAVE_SYS_SELECT_H 1
| #define HAVE_SYS_TIME_H 1
| #define HAVE_SIGNAL_H 1
| #define HAVE_POLL_H 1
| #define HAVE_PWD_H 1
| #define HAVE_DECL_STRERROR_R 1
| #define HAVE_STRERROR_R 1
| #define STRERROR_R_CHAR_P 1
| #define HAVE_FORK 1
| #define HAVE_VFORK 1
| #define HAVE_WORKING_VFORK 1
| #define HAVE_WORKING_FORK 1
| #define HAVE_FLOCKFILE 1
| #define HAVE_VASPRINTF 1
| #define HAVE_MMAP 1
| #define HAVE_RAND 1
| #define HAVE_STPCPY 1
| #define HAVE_SETENV 1
| #define HAVE_STAT 1
| #define HAVE_GETRLIMIT 1
| #define HAVE_GETPWNAM 1
| #define HAVE_GETPWUID 1
| #define HAVE_GETPWNAM_R 1
| #define HAVE_GETPWUID_R 1
| #define HAVE_INET_PTON 1
| #define SIZEOF_INT 4
| #define SIZEOF_LONG 8
| #define SIZEOF_LONG_LONG 8
| #define HAVE_SYS_STAT_H 1
| #define HAVE_UNISTD_H 1
| #define REPLACEMENT_FOR_OFF_T "long"
| #define HAVE_GCC_ATTRIBUTE_ALIGNED 1
| #define GPGRT_USE_VISIBILITY 1
| #define HAVE_THREADS_H 1
| #define HAVE_WEAK_SYMBOLS 1
| #define HAVE_PTHREAD_API 1
| #define USE_POSIX_THREADS 1
| #define USE_POSIX_THREADS_WEAK 1
| #define HAVE_PTHREAD_RWLOCK 1
| #define HAVE_PTHREAD_MUTEX_RECURSIVE 1
| #define SIZEOF_PTHREAD_MUTEX_T 40
| /* end confdefs.h.  */
| 
| #include <stdio.h>
| #include <readline/readline.h>
| #include <readline/history.h>
| 
| int
| main ()
| {
| 
| rl_completion_func_t *completer;
| add_history("foobar");
| rl_catch_signals=0;
| rl_inhibit_completion=0;
| rl_attempted_completion_function=NULL;
| rl_completion_matches(NULL,NULL);
| 
|   ;
|   return 0;
| }
configure:14923: result: no
configure:14890: checking whether readline via "-lreadline -ltermcap" is present and sane
configure:14915: gclang -o conftest -g -O2 -Wall -Wpointer-arith -fvisibility=hidden   conftest.c  -lreadline -ltermcap >&5
conftest.c:77:10: fatal error: 'readline/readline.h' file not found
#include <readline/readline.h>
         ^~~~~~~~~~~~~~~~~~~~~
1 error generated.
ERROR:Failed to build object file for conftest.c because: exit status 1
conftest.c:77:10: fatal error: 'readline/readline.h' file not found
#include <readline/readline.h>
         ^~~~~~~~~~~~~~~~~~~~~
1 error generated.
ERROR:Failed to compile using given arguments:
/usr/lib/llvm-12/bin/clang [-o conftest -g -O2 -Wall -Wpointer-arith -fvisibility=hidden conftest.c -lreadline -ltermcap]
exit status: exit status 1
conftest.c:77:10: fatal error: 'readline/readline.h' file not found
#include <readline/readline.h>
         ^~~~~~~~~~~~~~~~~~~~~
1 error generated.
ERROR:Failed to build bitcode file for conftest.c because: exit status 1
configure:14915: $? = 1
configure: failed program was:
| /* confdefs.h */
| #define PACKAGE_NAME "libgpg-error"
| #define PACKAGE_TARNAME "libgpg-error"
| #define PACKAGE_VERSION "1.46"
| #define PACKAGE_STRING "libgpg-error 1.46"
| #define PACKAGE_BUGREPORT "https://bugs.gnupg.org"
| #define PACKAGE_URL ""
| #define PACKAGE "libgpg-error"
| #define VERSION "1.46"
| #define STDC_HEADERS 1
| #define HAVE_SYS_TYPES_H 1
| #define HAVE_SYS_STAT_H 1
| #define HAVE_STDLIB_H 1
| #define HAVE_STRING_H 1
| #define HAVE_MEMORY_H 1
| #define HAVE_STRINGS_H 1
| #define HAVE_INTTYPES_H 1
| #define HAVE_STDINT_H 1
| #define HAVE_UNISTD_H 1
| #define __EXTENSIONS__ 1
| #define _ALL_SOURCE 1
| #define _GNU_SOURCE 1
| #define _POSIX_PTHREAD_SEMANTICS 1
| #define _TANDEM_SOURCE 1
| #define HAVE_LANGINFO_CODESET 1
| #define HAVE_DLFCN_H 1
| #define LT_OBJDIR ".libs/"
| #define ENABLE_NLS 1
| #define HAVE_GETTEXT 1
| #define HAVE_DCGETTEXT 1
| #define HAVE_LOCALE_H 1
| #define HAVE_STDINT_H 1
| #define HAVE_SYS_SELECT_H 1
| #define HAVE_SYS_TIME_H 1
| #define HAVE_SIGNAL_H 1
| #define HAVE_POLL_H 1
| #define HAVE_PWD_H 1
| #define HAVE_DECL_STRERROR_R 1
| #define HAVE_STRERROR_R 1
| #define STRERROR_R_CHAR_P 1
| #define HAVE_FORK 1
| #define HAVE_VFORK 1
| #define HAVE_WORKING_VFORK 1
| #define HAVE_WORKING_FORK 1
| #define HAVE_FLOCKFILE 1
| #define HAVE_VASPRINTF 1
| #define HAVE_MMAP 1
| #define HAVE_RAND 1
| #define HAVE_STPCPY 1
| #define HAVE_SETENV 1
| #define HAVE_STAT 1
| #define HAVE_GETRLIMIT 1
| #define HAVE_GETPWNAM 1
| #define HAVE_GETPWUID 1
| #define HAVE_GETPWNAM_R 1
| #define HAVE_GETPWUID_R 1
| #define HAVE_INET_PTON 1
| #define SIZEOF_INT 4
| #define SIZEOF_LONG 8
| #define SIZEOF_LONG_LONG 8
| #define HAVE_SYS_STAT_H 1
| #define HAVE_UNISTD_H 1
| #define REPLACEMENT_FOR_OFF_T "long"
| #define HAVE_GCC_ATTRIBUTE_ALIGNED 1
| #define GPGRT_USE_VISIBILITY 1
| #define HAVE_THREADS_H 1
| #define HAVE_WEAK_SYMBOLS 1
| #define HAVE_PTHREAD_API 1
| #define USE_POSIX_THREADS 1
| #define USE_POSIX_THREADS_WEAK 1
| #define HAVE_PTHREAD_RWLOCK 1
| #define HAVE_PTHREAD_MUTEX_RECURSIVE 1
| #define SIZEOF_PTHREAD_MUTEX_T 40
| /* end confdefs.h.  */
| 
| #include <stdio.h>
| #include <readline/readline.h>
| #include <readline/history.h>
| 
| int
| main ()
| {
| 
| rl_completion_func_t *completer;
| add_history("foobar");
| rl_catch_signals=0;
| rl_inhibit_completion=0;
| rl_attempted_completion_function=NULL;
| rl_completion_matches(NULL,NULL);
| 
|   ;
|   return 0;
| }
configure:14923: result: no
configure:14890: checking whether readline via "-lreadline -lcurses" is present and sane
configure:14915: gclang -o conftest -g -O2 -Wall -Wpointer-arith -fvisibility=hidden   conftest.c  -lreadline -lcurses >&5
conftest.c:77:10: fatal error: 'readline/readline.h' file not found
#include <readline/readline.h>
         ^~~~~~~~~~~~~~~~~~~~~
1 error generated.
ERROR:Failed to build object file for conftest.c because: exit status 1
conftest.c:77:10: fatal error: 'readline/readline.h' file not found
#include <readline/readline.h>
         ^~~~~~~~~~~~~~~~~~~~~
1 error generated.
ERROR:Failed to compile using given arguments:
/usr/lib/llvm-12/bin/clang [-o conftest -g -O2 -Wall -Wpointer-arith -fvisibility=hidden conftest.c -lreadline -lcurses]
exit status: exit status 1
conftest.c:77:10: fatal error: 'readline/readline.h' file not found
#include <readline/readline.h>
         ^~~~~~~~~~~~~~~~~~~~~
1 error generated.
ERROR:Failed to build bitcode file for conftest.c because: exit status 1
configure:14915: $? = 1
configure: failed program was:
| /* confdefs.h */
| #define PACKAGE_NAME "libgpg-error"
| #define PACKAGE_TARNAME "libgpg-error"
| #define PACKAGE_VERSION "1.46"
| #define PACKAGE_STRING "libgpg-error 1.46"
| #define PACKAGE_BUGREPORT "https://bugs.gnupg.org"
| #define PACKAGE_URL ""
| #define PACKAGE "libgpg-error"
| #define VERSION "1.46"
| #define STDC_HEADERS 1
| #define HAVE_SYS_TYPES_H 1
| #define HAVE_SYS_STAT_H 1
| #define HAVE_STDLIB_H 1
| #define HAVE_STRING_H 1
| #define HAVE_MEMORY_H 1
| #define HAVE_STRINGS_H 1
| #define HAVE_INTTYPES_H 1
| #define HAVE_STDINT_H 1
| #define HAVE_UNISTD_H 1
| #define __EXTENSIONS__ 1
| #define _ALL_SOURCE 1
| #define _GNU_SOURCE 1
| #define _POSIX_PTHREAD_SEMANTICS 1
| #define _TANDEM_SOURCE 1
| #define HAVE_LANGINFO_CODESET 1
| #define HAVE_DLFCN_H 1
| #define LT_OBJDIR ".libs/"
| #define ENABLE_NLS 1
| #define HAVE_GETTEXT 1
| #define HAVE_DCGETTEXT 1
| #define HAVE_LOCALE_H 1
| #define HAVE_STDINT_H 1
| #define HAVE_SYS_SELECT_H 1
| #define HAVE_SYS_TIME_H 1
| #define HAVE_SIGNAL_H 1
| #define HAVE_POLL_H 1
| #define HAVE_PWD_H 1
| #define HAVE_DECL_STRERROR_R 1
| #define HAVE_STRERROR_R 1
| #define STRERROR_R_CHAR_P 1
| #define HAVE_FORK 1
| #define HAVE_VFORK 1
| #define HAVE_WORKING_VFORK 1
| #define HAVE_WORKING_FORK 1
| #define HAVE_FLOCKFILE 1
| #define HAVE_VASPRINTF 1
| #define HAVE_MMAP 1
| #define HAVE_RAND 1
| #define HAVE_STPCPY 1
| #define HAVE_SETENV 1
| #define HAVE_STAT 1
| #define HAVE_GETRLIMIT 1
| #define HAVE_GETPWNAM 1
| #define HAVE_GETPWUID 1
| #define HAVE_GETPWNAM_R 1
| #define HAVE_GETPWUID_R 1
| #define HAVE_INET_PTON 1
| #define SIZEOF_INT 4
| #define SIZEOF_LONG 8
| #define SIZEOF_LONG_LONG 8
| #define HAVE_SYS_STAT_H 1
| #define HAVE_UNISTD_H 1
| #define REPLACEMENT_FOR_OFF_T "long"
| #define HAVE_GCC_ATTRIBUTE_ALIGNED 1
| #define GPGRT_USE_VISIBILITY 1
| #define HAVE_THREADS_H 1
| #define HAVE_WEAK_SYMBOLS 1
| #define HAVE_PTHREAD_API 1
| #define USE_POSIX_THREADS 1
| #define USE_POSIX_THREADS_WEAK 1
| #define HAVE_PTHREAD_RWLOCK 1
| #define HAVE_PTHREAD_MUTEX_RECURSIVE 1
| #define SIZEOF_PTHREAD_MUTEX_T 40
| /* end confdefs.h.  */
| 
| #include <stdio.h>
| #include <readline/readline.h>
| #include <readline/history.h>
| 
| int
| main ()
| {
| 
| rl_completion_func_t *completer;
| add_history("foobar");
| rl_catch_signals=0;
| rl_inhibit_completion=0;
| rl_attempted_completion_function=NULL;
| rl_completion_matches(NULL,NULL);
| 
|   ;
|   return 0;
| }
configure:14923: result: no
configure:14890: checking whether readline via "-lreadline -lncurses" is present and sane
configure:14915: gclang -o conftest -g -O2 -Wall -Wpointer-arith -fvisibility=hidden   conftest.c  -lreadline -lncurses >&5
conftest.c:77:10: fatal error: 'readline/readline.h' file not found
#include <readline/readline.h>
         ^~~~~~~~~~~~~~~~~~~~~
1 error generated.
ERROR:Failed to build object file for conftest.c because: exit status 1
conftest.c:77:10: fatal error: 'readline/readline.h' file not found
#include <readline/readline.h>
         ^~~~~~~~~~~~~~~~~~~~~
1 error generated.
ERROR:Failed to compile using given arguments:
/usr/lib/llvm-12/bin/clang [-o conftest -g -O2 -Wall -Wpointer-arith -fvisibility=hidden conftest.c -lreadline -lncurses]
exit status: exit status 1
conftest.c:77:10: fatal error: 'readline/readline.h' file not found
#include <readline/readline.h>
         ^~~~~~~~~~~~~~~~~~~~~
1 error generated.
ERROR:Failed to build bitcode file for conftest.c because: exit status 1
configure:14915: $? = 1
configure: failed program was:
| /* confdefs.h */
| #define PACKAGE_NAME "libgpg-error"
| #define PACKAGE_TARNAME "libgpg-error"
| #define PACKAGE_VERSION "1.46"
| #define PACKAGE_STRING "libgpg-error 1.46"
| #define PACKAGE_BUGREPORT "https://bugs.gnupg.org"
| #define PACKAGE_URL ""
| #define PACKAGE "libgpg-error"
| #define VERSION "1.46"
| #define STDC_HEADERS 1
| #define HAVE_SYS_TYPES_H 1
| #define HAVE_SYS_STAT_H 1
| #define HAVE_STDLIB_H 1
| #define HAVE_STRING_H 1
| #define HAVE_MEMORY_H 1
| #define HAVE_STRINGS_H 1
| #define HAVE_INTTYPES_H 1
| #define HAVE_STDINT_H 1
| #define HAVE_UNISTD_H 1
| #define __EXTENSIONS__ 1
| #define _ALL_SOURCE 1
| #define _GNU_SOURCE 1
| #define _POSIX_PTHREAD_SEMANTICS 1
| #define _TANDEM_SOURCE 1
| #define HAVE_LANGINFO_CODESET 1
| #define HAVE_DLFCN_H 1
| #define LT_OBJDIR ".libs/"
| #define ENABLE_NLS 1
| #define HAVE_GETTEXT 1
| #define HAVE_DCGETTEXT 1
| #define HAVE_LOCALE_H 1
| #define HAVE_STDINT_H 1
| #define HAVE_SYS_SELECT_H 1
| #define HAVE_SYS_TIME_H 1
| #define HAVE_SIGNAL_H 1
| #define HAVE_POLL_H 1
| #define HAVE_PWD_H 1
| #define HAVE_DECL_STRERROR_R 1
| #define HAVE_STRERROR_R 1
| #define STRERROR_R_CHAR_P 1
| #define HAVE_FORK 1
| #define HAVE_VFORK 1
| #define HAVE_WORKING_VFORK 1
| #define HAVE_WORKING_FORK 1
| #define HAVE_FLOCKFILE 1
| #define HAVE_VASPRINTF 1
| #define HAVE_MMAP 1
| #define HAVE_RAND 1
| #define HAVE_STPCPY 1
| #define HAVE_SETENV 1
| #define HAVE_STAT 1
| #define HAVE_GETRLIMIT 1
| #define HAVE_GETPWNAM 1
| #define HAVE_GETPWUID 1
| #define HAVE_GETPWNAM_R 1
| #define HAVE_GETPWUID_R 1
| #define HAVE_INET_PTON 1
| #define SIZEOF_INT 4
| #define SIZEOF_LONG 8
| #define SIZEOF_LONG_LONG 8
| #define HAVE_SYS_STAT_H 1
| #define HAVE_UNISTD_H 1
| #define REPLACEMENT_FOR_OFF_T "long"
| #define HAVE_GCC_ATTRIBUTE_ALIGNED 1
| #define GPGRT_USE_VISIBILITY 1
| #define HAVE_THREADS_H 1
| #define HAVE_WEAK_SYMBOLS 1
| #define HAVE_PTHREAD_API 1
| #define USE_POSIX_THREADS 1
| #define USE_POSIX_THREADS_WEAK 1
| #define HAVE_PTHREAD_RWLOCK 1
| #define HAVE_PTHREAD_MUTEX_RECURSIVE 1
| #define SIZEOF_PTHREAD_MUTEX_T 40
| /* end confdefs.h.  */
| 
| #include <stdio.h>
| #include <readline/readline.h>
| #include <readline/history.h>
| 
| int
| main ()
| {
| 
| rl_completion_func_t *completer;
| add_history("foobar");
| rl_catch_signals=0;
| rl_inhibit_completion=0;
| rl_attempted_completion_function=NULL;
| rl_completion_matches(NULL,NULL);
| 
|   ;
|   return 0;
| }
configure:14923: result: no
configure:14951: checking for unsigned long long int
configure:14990: gclang -o conftest -g -O2 -Wall -Wpointer-arith -fvisibility=hidden   conftest.c  >&5
configure:14990: $? = 0
configure:14999: result: yes
configure:15008: checking system features for estream-printf
configure:15012: checking for stdint.h
configure:15012: result: yes
configure:15024: checking for long long int
configure:15062: gclang -o conftest -g -O2 -Wall -Wpointer-arith -fvisibility=hidden   conftest.c  >&5
configure:15062: $? = 0
configure:15062: ./conftest
configure:15062: $? = 0
configure:15074: result: yes
configure:15083: checking for long double
configure:15116: result: yes
configure:15126: checking for intmax_t
configure:15126: gclang -c -g -O2 -Wall -Wpointer-arith -fvisibility=hidden  conftest.c >&5
configure:15126: $? = 0
configure:15126: gclang -c -g -O2 -Wall -Wpointer-arith -fvisibility=hidden  conftest.c >&5
conftest.c:115:23: error: expected expression
if (sizeof ((intmax_t)))
                      ^
1 error generated.
conftest.c:115:23: error: expected expression
if (sizeof ((intmax_t)))
                      ^
1 error generated.
ERROR:ERROR:Failed to compile using given arguments:
/usr/lib/llvm-12/bin/clang [-c -g -O2 -Wall -Wpointer-arith -fvisibility=hidden conftest.c]
exit status: exit status 1
Failed to build bitcode file for conftest.c because: exit status 1
configure:15126: $? = 1
configure: failed program was:
| /* confdefs.h */
| #define PACKAGE_NAME "libgpg-error"
| #define PACKAGE_TARNAME "libgpg-error"
| #define PACKAGE_VERSION "1.46"
| #define PACKAGE_STRING "libgpg-error 1.46"
| #define PACKAGE_BUGREPORT "https://bugs.gnupg.org"
| #define PACKAGE_URL ""
| #define PACKAGE "libgpg-error"
| #define VERSION "1.46"
| #define STDC_HEADERS 1
| #define HAVE_SYS_TYPES_H 1
| #define HAVE_SYS_STAT_H 1
| #define HAVE_STDLIB_H 1
| #define HAVE_STRING_H 1
| #define HAVE_MEMORY_H 1
| #define HAVE_STRINGS_H 1
| #define HAVE_INTTYPES_H 1
| #define HAVE_STDINT_H 1
| #define HAVE_UNISTD_H 1
| #define __EXTENSIONS__ 1
| #define _ALL_SOURCE 1
| #define _GNU_SOURCE 1
| #define _POSIX_PTHREAD_SEMANTICS 1
| #define _TANDEM_SOURCE 1
| #define HAVE_LANGINFO_CODESET 1
| #define HAVE_DLFCN_H 1
| #define LT_OBJDIR ".libs/"
| #define ENABLE_NLS 1
| #define HAVE_GETTEXT 1
| #define HAVE_DCGETTEXT 1
| #define HAVE_LOCALE_H 1
| #define HAVE_STDINT_H 1
| #define HAVE_SYS_SELECT_H 1
| #define HAVE_SYS_TIME_H 1
| #define HAVE_SIGNAL_H 1
| #define HAVE_POLL_H 1
| #define HAVE_PWD_H 1
| #define HAVE_DECL_STRERROR_R 1
| #define HAVE_STRERROR_R 1
| #define STRERROR_R_CHAR_P 1
| #define HAVE_FORK 1
| #define HAVE_VFORK 1
| #define HAVE_WORKING_VFORK 1
| #define HAVE_WORKING_FORK 1
| #define HAVE_FLOCKFILE 1
| #define HAVE_VASPRINTF 1
| #define HAVE_MMAP 1
| #define HAVE_RAND 1
| #define HAVE_STPCPY 1
| #define HAVE_SETENV 1
| #define HAVE_STAT 1
| #define HAVE_GETRLIMIT 1
| #define HAVE_GETPWNAM 1
| #define HAVE_GETPWUID 1
| #define HAVE_GETPWNAM_R 1
| #define HAVE_GETPWUID_R 1
| #define HAVE_INET_PTON 1
| #define SIZEOF_INT 4
| #define SIZEOF_LONG 8
| #define SIZEOF_LONG_LONG 8
| #define HAVE_SYS_STAT_H 1
| #define HAVE_UNISTD_H 1
| #define REPLACEMENT_FOR_OFF_T "long"
| #define HAVE_GCC_ATTRIBUTE_ALIGNED 1
| #define GPGRT_USE_VISIBILITY 1
| #define HAVE_THREADS_H 1
| #define HAVE_WEAK_SYMBOLS 1
| #define HAVE_PTHREAD_API 1
| #define USE_POSIX_THREADS 1
| #define USE_POSIX_THREADS_WEAK 1
| #define HAVE_PTHREAD_RWLOCK 1
| #define HAVE_PTHREAD_MUTEX_RECURSIVE 1
| #define SIZEOF_PTHREAD_MUTEX_T 40
| #define HAVE_UNSIGNED_LONG_LONG_INT 1
| #define HAVE_STDINT_H 1
| #define HAVE_LONG_LONG_INT 1
| #define HAVE_LONG_DOUBLE 1
| /* end confdefs.h.  */
| #include <stdio.h>
| #ifdef HAVE_SYS_TYPES_H
| # include <sys/types.h>
| #endif
| #ifdef HAVE_SYS_STAT_H
| # include <sys/stat.h>
| #endif
| #ifdef STDC_HEADERS
| # include <stdlib.h>
| # include <stddef.h>
| #else
| # ifdef HAVE_STDLIB_H
| #  include <stdlib.h>
| # endif
| #endif
| #ifdef HAVE_STRING_H
| # if !defined STDC_HEADERS && defined HAVE_MEMORY_H
| #  include <memory.h>
| # endif
| # include <string.h>
| #endif
| #ifdef HAVE_STRINGS_H
| # include <strings.h>
| #endif
| #ifdef HAVE_INTTYPES_H
| # include <inttypes.h>
| #endif
| #ifdef HAVE_STDINT_H
| # include <stdint.h>
| #endif
| #ifdef HAVE_UNISTD_H
| # include <unistd.h>
| #endif
| int
| main ()
| {
| if (sizeof ((intmax_t)))
| 	    return 0;
|   ;
|   return 0;
| }
configure:15126: result: yes
configure:15145: checking for uintmax_t
configure:15145: gclang -c -g -O2 -Wall -Wpointer-arith -fvisibility=hidden  conftest.c >&5
configure:15145: $? = 0
configure:15145: gclang -c -g -O2 -Wall -Wpointer-arith -fvisibility=hidden  conftest.c >&5
conftest.c:116:24: error: expected expression
conftest.c:116:24:if (sizeof ((uintmax_t))) 
error                       ^: 
expected expression
if (sizeof ((uintmax_t)))
                       ^
1 error generated.
1 error generated.
ERROR:Failed to compile using given arguments:
/usr/lib/llvm-12/bin/clang [-c -g -O2 -Wall -Wpointer-arith -fvisibility=hidden conftest.c]
exit status: exit status 1
ERROR:Failed to build bitcode file for conftest.c because: exit status 1
configure:15145: $? = 1
configure: failed program was:
| /* confdefs.h */
| #define PACKAGE_NAME "libgpg-error"
| #define PACKAGE_TARNAME "libgpg-error"
| #define PACKAGE_VERSION "1.46"
| #define PACKAGE_STRING "libgpg-error 1.46"
| #define PACKAGE_BUGREPORT "https://bugs.gnupg.org"
| #define PACKAGE_URL ""
| #define PACKAGE "libgpg-error"
| #define VERSION "1.46"
| #define STDC_HEADERS 1
| #define HAVE_SYS_TYPES_H 1
| #define HAVE_SYS_STAT_H 1
| #define HAVE_STDLIB_H 1
| #define HAVE_STRING_H 1
| #define HAVE_MEMORY_H 1
| #define HAVE_STRINGS_H 1
| #define HAVE_INTTYPES_H 1
| #define HAVE_STDINT_H 1
| #define HAVE_UNISTD_H 1
| #define __EXTENSIONS__ 1
| #define _ALL_SOURCE 1
| #define _GNU_SOURCE 1
| #define _POSIX_PTHREAD_SEMANTICS 1
| #define _TANDEM_SOURCE 1
| #define HAVE_LANGINFO_CODESET 1
| #define HAVE_DLFCN_H 1
| #define LT_OBJDIR ".libs/"
| #define ENABLE_NLS 1
| #define HAVE_GETTEXT 1
| #define HAVE_DCGETTEXT 1
| #define HAVE_LOCALE_H 1
| #define HAVE_STDINT_H 1
| #define HAVE_SYS_SELECT_H 1
| #define HAVE_SYS_TIME_H 1
| #define HAVE_SIGNAL_H 1
| #define HAVE_POLL_H 1
| #define HAVE_PWD_H 1
| #define HAVE_DECL_STRERROR_R 1
| #define HAVE_STRERROR_R 1
| #define STRERROR_R_CHAR_P 1
| #define HAVE_FORK 1
| #define HAVE_VFORK 1
| #define HAVE_WORKING_VFORK 1
| #define HAVE_WORKING_FORK 1
| #define HAVE_FLOCKFILE 1
| #define HAVE_VASPRINTF 1
| #define HAVE_MMAP 1
| #define HAVE_RAND 1
| #define HAVE_STPCPY 1
| #define HAVE_SETENV 1
| #define HAVE_STAT 1
| #define HAVE_GETRLIMIT 1
| #define HAVE_GETPWNAM 1
| #define HAVE_GETPWUID 1
| #define HAVE_GETPWNAM_R 1
| #define HAVE_GETPWUID_R 1
| #define HAVE_INET_PTON 1
| #define SIZEOF_INT 4
| #define SIZEOF_LONG 8
| #define SIZEOF_LONG_LONG 8
| #define HAVE_SYS_STAT_H 1
| #define HAVE_UNISTD_H 1
| #define REPLACEMENT_FOR_OFF_T "long"
| #define HAVE_GCC_ATTRIBUTE_ALIGNED 1
| #define GPGRT_USE_VISIBILITY 1
| #define HAVE_THREADS_H 1
| #define HAVE_WEAK_SYMBOLS 1
| #define HAVE_PTHREAD_API 1
| #define USE_POSIX_THREADS 1
| #define USE_POSIX_THREADS_WEAK 1
| #define HAVE_PTHREAD_RWLOCK 1
| #define HAVE_PTHREAD_MUTEX_RECURSIVE 1
| #define SIZEOF_PTHREAD_MUTEX_T 40
| #define HAVE_UNSIGNED_LONG_LONG_INT 1
| #define HAVE_STDINT_H 1
| #define HAVE_LONG_LONG_INT 1
| #define HAVE_LONG_DOUBLE 1
| #define HAVE_INTMAX_T 1
| /* end confdefs.h.  */
| #include <stdio.h>
| #ifdef HAVE_SYS_TYPES_H
| # include <sys/types.h>
| #endif
| #ifdef HAVE_SYS_STAT_H
| # include <sys/stat.h>
| #endif
| #ifdef STDC_HEADERS
| # include <stdlib.h>
| # include <stddef.h>
| #else
| # ifdef HAVE_STDLIB_H
| #  include <stdlib.h>
| # endif
| #endif
| #ifdef HAVE_STRING_H
| # if !defined STDC_HEADERS && defined HAVE_MEMORY_H
| #  include <memory.h>
| # endif
| # include <string.h>
| #endif
| #ifdef HAVE_STRINGS_H
| # include <strings.h>
| #endif
| #ifdef HAVE_INTTYPES_H
| # include <inttypes.h>
| #endif
| #ifdef HAVE_STDINT_H
| # include <stdint.h>
| #endif
| #ifdef HAVE_UNISTD_H
| # include <unistd.h>
| #endif
| int
| main ()
| {
| if (sizeof ((uintmax_t)))
| 	    return 0;
|   ;
|   return 0;
| }
configure:15145: result: yes
configure:15162: checking for ptrdiff_t
configure:15162: gclang -c -g -O2 -Wall -Wpointer-arith -fvisibility=hidden  conftest.c >&5
configure:15162: $? = 0
configure:15162: gclang -c -g -O2 -Wall -Wpointer-arith -fvisibility=hidden  conftest.c >&5
conftest.c:117:24: error: expected expression
if (sizeof ((ptrdiff_t)))
                       ^
1 error generated.
conftest.c:117:24: error: expected expression
if (sizeof ((ptrdiff_t)))
                       ^
1 error generated.
ERROR:Failed to compile using given arguments:
/usr/lib/llvm-12/bin/clang [-c -g -O2 -Wall -Wpointer-arith -fvisibility=hidden conftest.c]
exit status: exit status 1
ERROR:Failed to build bitcode file for conftest.c because: exit status 1
configure:15162: $? = 1
configure: failed program was:
| /* confdefs.h */
| #define PACKAGE_NAME "libgpg-error"
| #define PACKAGE_TARNAME "libgpg-error"
| #define PACKAGE_VERSION "1.46"
| #define PACKAGE_STRING "libgpg-error 1.46"
| #define PACKAGE_BUGREPORT "https://bugs.gnupg.org"
| #define PACKAGE_URL ""
| #define PACKAGE "libgpg-error"
| #define VERSION "1.46"
| #define STDC_HEADERS 1
| #define HAVE_SYS_TYPES_H 1
| #define HAVE_SYS_STAT_H 1
| #define HAVE_STDLIB_H 1
| #define HAVE_STRING_H 1
| #define HAVE_MEMORY_H 1
| #define HAVE_STRINGS_H 1
| #define HAVE_INTTYPES_H 1
| #define HAVE_STDINT_H 1
| #define HAVE_UNISTD_H 1
| #define __EXTENSIONS__ 1
| #define _ALL_SOURCE 1
| #define _GNU_SOURCE 1
| #define _POSIX_PTHREAD_SEMANTICS 1
| #define _TANDEM_SOURCE 1
| #define HAVE_LANGINFO_CODESET 1
| #define HAVE_DLFCN_H 1
| #define LT_OBJDIR ".libs/"
| #define ENABLE_NLS 1
| #define HAVE_GETTEXT 1
| #define HAVE_DCGETTEXT 1
| #define HAVE_LOCALE_H 1
| #define HAVE_STDINT_H 1
| #define HAVE_SYS_SELECT_H 1
| #define HAVE_SYS_TIME_H 1
| #define HAVE_SIGNAL_H 1
| #define HAVE_POLL_H 1
| #define HAVE_PWD_H 1
| #define HAVE_DECL_STRERROR_R 1
| #define HAVE_STRERROR_R 1
| #define STRERROR_R_CHAR_P 1
| #define HAVE_FORK 1
| #define HAVE_VFORK 1
| #define HAVE_WORKING_VFORK 1
| #define HAVE_WORKING_FORK 1
| #define HAVE_FLOCKFILE 1
| #define HAVE_VASPRINTF 1
| #define HAVE_MMAP 1
| #define HAVE_RAND 1
| #define HAVE_STPCPY 1
| #define HAVE_SETENV 1
| #define HAVE_STAT 1
| #define HAVE_GETRLIMIT 1
| #define HAVE_GETPWNAM 1
| #define HAVE_GETPWUID 1
| #define HAVE_GETPWNAM_R 1
| #define HAVE_GETPWUID_R 1
| #define HAVE_INET_PTON 1
| #define SIZEOF_INT 4
| #define SIZEOF_LONG 8
| #define SIZEOF_LONG_LONG 8
| #define HAVE_SYS_STAT_H 1
| #define HAVE_UNISTD_H 1
| #define REPLACEMENT_FOR_OFF_T "long"
| #define HAVE_GCC_ATTRIBUTE_ALIGNED 1
| #define GPGRT_USE_VISIBILITY 1
| #define HAVE_THREADS_H 1
| #define HAVE_WEAK_SYMBOLS 1
| #define HAVE_PTHREAD_API 1
| #define USE_POSIX_THREADS 1
| #define USE_POSIX_THREADS_WEAK 1
| #define HAVE_PTHREAD_RWLOCK 1
| #define HAVE_PTHREAD_MUTEX_RECURSIVE 1
| #define SIZEOF_PTHREAD_MUTEX_T 40
| #define HAVE_UNSIGNED_LONG_LONG_INT 1
| #define HAVE_STDINT_H 1
| #define HAVE_LONG_LONG_INT 1
| #define HAVE_LONG_DOUBLE 1
| #define HAVE_INTMAX_T 1
| #define HAVE_UINTMAX_T 1
| /* end confdefs.h.  */
| #include <stdio.h>
| #ifdef HAVE_SYS_TYPES_H
| # include <sys/types.h>
| #endif
| #ifdef HAVE_SYS_STAT_H
| # include <sys/stat.h>
| #endif
| #ifdef STDC_HEADERS
| # include <stdlib.h>
| # include <stddef.h>
| #else
| # ifdef HAVE_STDLIB_H
| #  include <stdlib.h>
| # endif
| #endif
| #ifdef HAVE_STRING_H
| # if !defined STDC_HEADERS && defined HAVE_MEMORY_H
| #  include <memory.h>
| # endif
| # include <string.h>
| #endif
| #ifdef HAVE_STRINGS_H
| # include <strings.h>
| #endif
| #ifdef HAVE_INTTYPES_H
| # include <inttypes.h>
| #endif
| #ifdef HAVE_STDINT_H
| # include <stdint.h>
| #endif
| #ifdef HAVE_UNISTD_H
| # include <unistd.h>
| #endif
| int
| main ()
| {
| if (sizeof ((ptrdiff_t)))
| 	    return 0;
|   ;
|   return 0;
| }
configure:15162: result: yes
configure:15176: checking size of unsigned long
configure:15181: gclang -o conftest -g -O2 -Wall -Wpointer-arith -fvisibility=hidden   conftest.c  >&5
configure:15181: $? = 0
configure:15181: ./conftest
configure:15181: $? = 0
configure:15195: result: 8
configure:15209: checking size of void *
configure:15214: gclang -o conftest -g -O2 -Wall -Wpointer-arith -fvisibility=hidden   conftest.c  >&5
configure:15214: $? = 0
configure:15214: ./conftest
configure:15214: $? = 0
configure:15228: result: 8
configure:15238: checking for nl_langinfo and THOUSEP
configure:15254: gclang -o conftest -g -O2 -Wall -Wpointer-arith -fvisibility=hidden   conftest.c  >&5
configure:15254: $? = 0
configure:15263: result: yes
configure:15273: checking system features for estream
configure:15277: checking for memrchr
configure:15277: gclang -o conftest -g -O2 -Wall -Wpointer-arith -fvisibility=hidden   conftest.c  >&5
configure:15277: $? = 0
configure:15277: result: yes
configure:15559: checking whether to enable log_clock
configure:15568: result: no
configure:15818: checking that generated files are newer than configure
configure:15824: result: done
configure:15899: creating ./config.status

## ---------------------- ##
## Running config.status. ##
## ---------------------- ##

This file was extended by libgpg-error config.status 1.46, which was
generated by GNU Autoconf 2.69.  Invocation command line was

  CONFIG_FILES    = 
  CONFIG_HEADERS  = 
  CONFIG_LINKS    = 
  CONFIG_COMMANDS = 
  $ ./config.status 

on DESKTOP-VCRP74U

config.status:1283: creating Makefile
config.status:1283: creating doc/Makefile
config.status:1283: creating po/Makefile.in
config.status:1283: creating m4/Makefile
config.status:1283: creating src/Makefile
config.status:1283: creating tests/Makefile
config.status:1283: creating lang/Makefile
config.status:1283: creating lang/cl/Makefile
config.status:1283: creating lang/cl/gpg-error.asd
config.status:1283: creating src/versioninfo.rc
config.status:1283: creating src/gpg-error.w32-manifest
config.status:1283: creating src/gpg-error.pc
config.status:1283: creating src/gpg-error-config-old
config.status:1283: creating src/gpgrt-config
config.status:1283: creating src/gpg-error-config-test.sh
config.status:1283: creating config.h
config.status:1464: config.h is unchanged
config.status:1512: executing depfiles commands
config.status:1589: cd doc       && sed -e '/# am--include-marker/d' Makefile         | make -f - am--depfiles
make: Nothing to be done for 'am--depfiles'.
config.status:1594: $? = 0
config.status:1589: cd src       && sed -e '/# am--include-marker/d' Makefile         | make -f - am--depfiles
make: Nothing to be done for 'am--depfiles'.
config.status:1594: $? = 0
config.status:1589: cd tests       && sed -e '/# am--include-marker/d' Makefile         | make -f - am--depfiles
make: Nothing to be done for 'am--depfiles'.
config.status:1594: $? = 0
config.status:1512: executing libtool commands
config.status:1512: executing po-directories commands

## ---------------- ##
## Cache variables. ##
## ---------------- ##

ac_cv_build=x86_64-pc-linux-gnu
ac_cv_c_compiler_gnu=yes
ac_cv_c_const=yes
ac_cv_env_CC_set=set
ac_cv_env_CC_value=gclang
ac_cv_env_CFLAGS_set=
ac_cv_env_CFLAGS_value=
ac_cv_env_CPPFLAGS_set=
ac_cv_env_CPPFLAGS_value=
ac_cv_env_CPP_set=
ac_cv_env_CPP_value=
ac_cv_env_LDFLAGS_set=
ac_cv_env_LDFLAGS_value=
ac_cv_env_LIBS_set=
ac_cv_env_LIBS_value=
ac_cv_env_build_alias_set=
ac_cv_env_build_alias_value=
ac_cv_env_host_alias_set=
ac_cv_env_host_alias_value=
ac_cv_env_target_alias_set=
ac_cv_env_target_alias_value=
ac_cv_func_flockfile=yes
ac_cv_func_fork=yes
ac_cv_func_fork_works=yes
ac_cv_func_getpwnam=yes
ac_cv_func_getpwnam_r=yes
ac_cv_func_getpwuid=yes
ac_cv_func_getpwuid_r=yes
ac_cv_func_getrlimit=yes
ac_cv_func_inet_pton=yes
ac_cv_func_memrchr=yes
ac_cv_func_mmap=yes
ac_cv_func_rand=yes
ac_cv_func_setenv=yes
ac_cv_func_stat=yes
ac_cv_func_stpcpy=yes
ac_cv_func_strerror_r=yes
ac_cv_func_strerror_r_char_p=yes
ac_cv_func_strlwr=no
ac_cv_func_vasprintf=yes
ac_cv_func_vfork=yes
ac_cv_func_vfork_works=yes
ac_cv_have_decl_strerror_r=yes
ac_cv_header_direct_h=no
ac_cv_header_dlfcn_h=yes
ac_cv_header_inttypes_h=yes
ac_cv_header_locale_h=yes
ac_cv_header_memory_h=yes
ac_cv_header_minix_config_h=no
ac_cv_header_poll_h=yes
ac_cv_header_pthread_h=yes
ac_cv_header_pwd_h=yes
ac_cv_header_signal_h=yes
ac_cv_header_stdc=yes
ac_cv_header_stdint_h=yes
ac_cv_header_stdlib_h=yes
ac_cv_header_string_h=yes
ac_cv_header_strings_h=yes
ac_cv_header_sys_select_h=yes
ac_cv_header_sys_single_threaded_h=no
ac_cv_header_sys_stat_h=yes
ac_cv_header_sys_time_h=yes
ac_cv_header_sys_types_h=yes
ac_cv_header_threads_h=yes
ac_cv_header_unistd_h=yes
ac_cv_header_vfork_h=no
ac_cv_host=x86_64-pc-linux-gnu
ac_cv_objext=o
ac_cv_path_EGREP='/usr/bin/grep -E'
ac_cv_path_FGREP='/usr/bin/grep -F'
ac_cv_path_GMSGFMT=:
ac_cv_path_GREP=/usr/bin/grep
ac_cv_path_MSGFMT=:
ac_cv_path_MSGMERGE=:
ac_cv_path_SED=/usr/bin/sed
ac_cv_path_XGETTEXT=:
ac_cv_path_install='/usr/bin/install -c'
ac_cv_path_mkdir=/usr/bin/mkdir
ac_cv_prog_AWK=gawk
ac_cv_prog_CPP='gclang -E'
ac_cv_prog_ac_ct_AR=ar
ac_cv_prog_ac_ct_CC=gclang
ac_cv_prog_ac_ct_MANIFEST_TOOL=mt
ac_cv_prog_ac_ct_OBJDUMP=objdump
ac_cv_prog_ac_ct_RANLIB=ranlib
ac_cv_prog_ac_ct_STRIP=strip
ac_cv_prog_cc_c89=
ac_cv_prog_cc_g=yes
ac_cv_prog_make_make_set=yes
ac_cv_safe_to_define___extensions__=yes
ac_cv_search_inet_addr='none required'
ac_cv_search_sched_yield='none required'
ac_cv_search_socket='none required'
ac_cv_sizeof_int=4
ac_cv_sizeof_long=8
ac_cv_sizeof_long_long=8
ac_cv_sizeof_pthread_mutex_t=40
ac_cv_sizeof_unsigned_long=8
ac_cv_sizeof_void_p=8
ac_cv_sys_file_offset_bits=no
ac_cv_sys_largefile_CC=no
ac_cv_type_intmax_t=yes
ac_cv_type_long_double=yes
ac_cv_type_long_long_int=yes
ac_cv_type_pid_t=yes
ac_cv_type_pthread_rwlock_t=yes
ac_cv_type_ptrdiff_t=yes
ac_cv_type_uintmax_t=yes
ac_cv_type_unsigned_long_long_int=yes
acl_cv_hardcode_direct=no
acl_cv_hardcode_libdir_flag_spec='${wl}-rpath ${wl}$libdir'
acl_cv_hardcode_libdir_separator=
acl_cv_hardcode_minus_L=no
acl_cv_libdirstems=lib,lib,lib64
acl_cv_libext=a
acl_cv_libname_spec='lib$name'
acl_cv_library_names_spec='$libname$shrext'
acl_cv_prog_gnu_ld=yes
acl_cv_rpath=done
acl_cv_shlibext=so
acl_cv_wl=-Wl,
am_cv_CC_dependencies_compiler_type=gcc3
am_cv_langinfo_codeset=yes
am_cv_make_support_nested_variables=yes
am_cv_prog_cc_c_o=yes
estream_cv_langinfo_thousep=yes
gcry_cv_broken_alias_attribute=no
gcry_cv_broken_visibility_attribute=no
gcry_cv_gcc_attribute_aligned=yes
gcry_cv_gcc_has_f_visibility=yes
gcry_cv_visibility_attribute=yes
gl_cv_elf=yes
gl_cv_have_weak=yes
gl_cv_host_cpu_c_abi_32bit=no
gnupg_cv_have_readline=no
gnupg_cv_mkdir_takes_one_arg=no
gt_cv_func_CFLocaleCopyCurrent=no
gt_cv_func_CFPreferencesCopyAppValue=no
gt_cv_func_gnugettext1_libc=yes
lt_cv_ar_at_file=@
lt_cv_archive_cmds_need_lc=no
lt_cv_deplibs_check_method=pass_all
lt_cv_file_magic_cmd='$MAGIC_CMD'
lt_cv_file_magic_test_file=
lt_cv_ld_reload_flag=-r
lt_cv_nm_interface='BSD nm'
lt_cv_objdir=.libs
lt_cv_path_LD=/usr/bin/ld
lt_cv_path_NM='/usr/bin/nm -B'
lt_cv_path_mainfest_tool=no
lt_cv_prog_compiler_c_o=yes
lt_cv_prog_compiler_c_o_RC=yes
lt_cv_prog_compiler_pic='-fPIC -DPIC'
lt_cv_prog_compiler_pic_works=yes
lt_cv_prog_compiler_rtti_exceptions=yes
lt_cv_prog_compiler_static_works=yes
lt_cv_prog_gnu_ld=yes
lt_cv_sharedlib_from_linklib_cmd='printf %s\n'
lt_cv_shlibpath_overrides_runpath=yes
lt_cv_sys_global_symbol_pipe='sed -n -e '\''s/^.*[	 ]\([ABCDGIRSTW][ABCDGIRSTW]*\)[	 ][	 ]*\([_A-Za-z][_A-Za-z0-9]*\)$/\1 \2 \2/p'\'' | sed '\''/ __gnu_lto/d'\'''
lt_cv_sys_global_symbol_to_c_name_address='sed -n -e '\''s/^: \([^ ]*\)[ ]*$/  {\"\1\", (void *) 0},/p'\'' -e '\''s/^[ABCDGIRSTW]* \([^ ]*\) \([^ ]*\)$/  {"\2", (void *) \&\2},/p'\'''
lt_cv_sys_global_symbol_to_c_name_address_lib_prefix='sed -n -e '\''s/^: \([^ ]*\)[ ]*$/  {\"\1\", (void *) 0},/p'\'' -e '\''s/^[ABCDGIRSTW]* \([^ ]*\) \(lib[^ ]*\)$/  {"\2", (void *) \&\2},/p'\'' -e '\''s/^[ABCDGIRSTW]* \([^ ]*\) \([^ ]*\)$/  {"lib\2", (void *) \&\2},/p'\'''
lt_cv_sys_global_symbol_to_cdecl='sed -n -e '\''s/^T .* \(.*\)$/extern int \1();/p'\'' -e '\''s/^[ABCDGIRSTW]* .* \(.*\)$/extern char \1;/p'\'''
lt_cv_sys_max_cmd_len=1572864
lt_cv_to_host_file_cmd=func_convert_file_noop
lt_cv_to_tool_file_cmd=func_convert_file_noop

## ----------------- ##
## Output variables. ##
## ----------------- ##

ACLOCAL='${SHELL} '\''/home/luwei/libgpg-error-1.46/build-aux/missing'\'' aclocal-1.16'
AMDEPBACKSLASH='\'
AMDEP_FALSE='#'
AMDEP_TRUE=''
AMTAR='$${TAR-tar}'
AM_BACKSLASH='\'
AM_DEFAULT_V='$(AM_DEFAULT_VERBOSITY)'
AM_DEFAULT_VERBOSITY='1'
AM_V='$(V)'
AR='ar'
AS='as'
AUTOCONF='${SHELL} '\''/home/luwei/libgpg-error-1.46/build-aux/missing'\'' autoconf'
AUTOHEADER='${SHELL} '\''/home/luwei/libgpg-error-1.46/build-aux/missing'\'' autoheader'
AUTOMAKE='${SHELL} '\''/home/luwei/libgpg-error-1.46/build-aux/missing'\'' automake-1.16'
AWK='gawk'
BUILD_DOC_FALSE='#'
BUILD_DOC_TRUE=''
BUILD_FILEVERSION='1,46,0,59907'
BUILD_GPGSCM_FALSE=''
BUILD_GPGSCM_TRUE='#'
BUILD_REVISION='ea03187'
BUILD_TESTS_FALSE='#'
BUILD_TESTS_TRUE=''
BUILD_TIMESTAMP='<none>'
BUILD_VERSION='1.46.0.59907'
CC='gclang'
CCDEPMODE='depmode=gcc3'
CC_FOR_BUILD='$(CC)'
CFLAGS='-g -O2 -Wall -Wpointer-arith -fvisibility=hidden'
CPP='gclang -E'
CPPFLAGS=''
CROSS_COMPILING_FALSE=''
CROSS_COMPILING_TRUE='#'
CYGPATH_W='echo'
DEFS='-DHAVE_CONFIG_H'
DEPDIR='.deps'
DLLTOOL='false'
DSYMUTIL=''
DUMPBIN=''
ECHO_C=''
ECHO_N='-n'
ECHO_T=''
EGREP='/usr/bin/grep -E'
EXEEXT=''
EXEEXT_FOR_BUILD='$(EXEEXT)'
FGREP='/usr/bin/grep -F'
FORCE_USE_SYSCFG_FALSE=''
FORCE_USE_SYSCFG_TRUE='#'
GETTEXT_MACRO_VERSION='0.20'
GMSGFMT=':'
GMSGFMT_015=':'
GPG_ERROR_CONFIG_CFLAGS='-I${includedir}'
GPG_ERROR_CONFIG_HOST='x86_64-pc-linux-gnu'
GPG_ERROR_CONFIG_LIBS='-L${libdir} -lgpg-error'
GPG_ERROR_CONFIG_LIBS_PRIVATE=''
GPG_ERROR_CONFIG_MT_CFLAGS=''
GPG_ERROR_CONFIG_MT_LIBS='-pthread'
GREP='/usr/bin/grep'
HAVE_GENERATED_LOCK_OBJ_H_FALSE=''
HAVE_GENERATED_LOCK_OBJ_H_TRUE='#'
HAVE_LD_VERSION_SCRIPT_FALSE='#'
HAVE_LD_VERSION_SCRIPT_TRUE=''
HAVE_LOCK_OPTIMIZATION_FALSE='#'
HAVE_LOCK_OPTIMIZATION_TRUE=''
HAVE_W32_SYSTEM_FALSE=''
HAVE_W32_SYSTEM_TRUE='#'
HAVE_W64_SYSTEM_FALSE=''
HAVE_W64_SYSTEM_TRUE='#'
INSTALLSHELLPATH='/bin/sh'
INSTALL_DATA='${INSTALL} -m 644'
INSTALL_GPG_ERROR_CONFIG_FALSE=''
INSTALL_GPG_ERROR_CONFIG_TRUE='#'
INSTALL_PROGRAM='${INSTALL}'
INSTALL_SCRIPT='${INSTALL}'
INSTALL_STRIP_PROGRAM='$(install_sh) -c -s'
INTLLIBS=''
INTL_MACOSX_LIBS=''
LANGUAGES_SOME_FALSE='#'
LANGUAGES_SOME_TRUE=''
LD='/usr/bin/ld -m elf_x86_64'
LDADD_FOR_TESTS_KLUDGE=''
LDFLAGS=''
LIBGPG_ERROR_LT_AGE='33'
LIBGPG_ERROR_LT_CURRENT='33'
LIBGPG_ERROR_LT_REVISION='1'
LIBICONV='-liconv'
LIBINTL=''
LIBMULTITHREAD='-pthread'
LIBOBJS=''
LIBPMULTITHREAD='-pthread'
LIBPTHREAD='-pthread'
LIBREADLINE=''
LIBS=''
LIBSTDTHREAD=''
LIBTHREAD=''
LIBTOOL='$(SHELL) $(top_builddir)/libtool'
LIB_NETWORK=''
LIB_SCHED_YIELD=''
LIPO=''
LN_S='ln -s'
LTLIBICONV='-liconv'
LTLIBINTL=''
LTLIBMULTITHREAD='-pthread'
LTLIBOBJS=''
LTLIBTHREAD=''
MAINT='#'
MAINTAINER_MODE_FALSE=''
MAINTAINER_MODE_TRUE='#'
MAKEINFO='${SHELL} '\''/home/luwei/libgpg-error-1.46/build-aux/missing'\'' makeinfo'
MANIFEST_TOOL=':'
MKDIR_P='/usr/bin/mkdir -p'
MSGFMT=':'
MSGMERGE=':'
MSGMERGE_FOR_MSGFMT_OPTION='--no-location --quiet'
NM='/usr/bin/nm -B'
NMEDIT=''
OBJDUMP='objdump'
OBJEXT='o'
OTOOL64=''
OTOOL=''
PACKAGE='libgpg-error'
PACKAGE_BUGREPORT='https://bugs.gnupg.org'
PACKAGE_NAME='libgpg-error'
PACKAGE_STRING='libgpg-error 1.46'
PACKAGE_TARNAME='libgpg-error'
PACKAGE_URL=''
PACKAGE_VERSION='1.46'
PATH_SEPARATOR=':'
POSUB='po'
RANLIB='ranlib'
RC=''
SED='/usr/bin/sed'
SET_MAKE=''
SHELL='/bin/bash'
STRIP='strip'
USE_NLS='yes'
VERSION='1.46'
VERSION_NUMBER='0x012e00'
XGETTEXT=':'
XGETTEXT_015=':'
XGETTEXT_EXTRA_OPTIONS=''
ac_ct_AR='ar'
ac_ct_CC='gclang'
ac_ct_DUMPBIN=''
am__EXEEXT_FALSE=''
am__EXEEXT_TRUE='#'
am__fastdepCC_FALSE='#'
am__fastdepCC_TRUE=''
am__include='include'
am__isrc=''
am__leading_dot='.'
am__nodep='_no'
am__quote=''
am__tar='$${TAR-tar} chof - "$$tardir"'
am__untar='$${TAR-tar} xf -'
bindir='${exec_prefix}/bin'
build='x86_64-pc-linux-gnu'
build_alias=''
build_cpu='x86_64'
build_os='linux-gnu'
build_vendor='pc'
datadir='${datarootdir}'
datarootdir='${prefix}/share'
docdir='${datarootdir}/doc/${PACKAGE_TARNAME}'
dvidir='${docdir}'
exec_prefix='${prefix}'
host='x86_64-pc-linux-gnu'
host_alias=''
host_cpu='x86_64'
host_os='linux-gnu'
host_vendor='pc'
htmldir='${docdir}'
includedir='${prefix}/include'
infodir='${datarootdir}/info'
install_sh='${SHELL} /home/luwei/libgpg-error-1.46/build-aux/install-sh'
libdir='${exec_prefix}/lib'
libexecdir='${exec_prefix}/libexec'
localedir='${datarootdir}/locale'
localstatedir='${prefix}/var'
mandir='${datarootdir}/man'
mkdir_p='$(MKDIR_P)'
oldincludedir='/usr/include'
pdfdir='${docdir}'
prefix='/usr/local'
program_transform_name='s,x,x,'
psdir='${docdir}'
runstatedir='${localstatedir}/run'
sbindir='${exec_prefix}/sbin'
sharedstatedir='${prefix}/com'
sysconfdir='${prefix}/etc'
target_alias=''

## ----------- ##
## confdefs.h. ##
## ----------- ##

/* confdefs.h */
#define PACKAGE_NAME "libgpg-error"
#define PACKAGE_TARNAME "libgpg-error"
#define PACKAGE_VERSION "1.46"
#define PACKAGE_STRING "libgpg-error 1.46"
#define PACKAGE_BUGREPORT "https://bugs.gnupg.org"
#define PACKAGE_URL ""
#define PACKAGE "libgpg-error"
#define VERSION "1.46"
#define STDC_HEADERS 1
#define HAVE_SYS_TYPES_H 1
#define HAVE_SYS_STAT_H 1
#define HAVE_STDLIB_H 1
#define HAVE_STRING_H 1
#define HAVE_MEMORY_H 1
#define HAVE_STRINGS_H 1
#define HAVE_INTTYPES_H 1
#define HAVE_STDINT_H 1
#define HAVE_UNISTD_H 1
#define __EXTENSIONS__ 1
#define _ALL_SOURCE 1
#define _GNU_SOURCE 1
#define _POSIX_PTHREAD_SEMANTICS 1
#define _TANDEM_SOURCE 1
#define HAVE_LANGINFO_CODESET 1
#define HAVE_DLFCN_H 1
#define LT_OBJDIR ".libs/"
#define ENABLE_NLS 1
#define HAVE_GETTEXT 1
#define HAVE_DCGETTEXT 1
#define HAVE_LOCALE_H 1
#define HAVE_STDINT_H 1
#define HAVE_SYS_SELECT_H 1
#define HAVE_SYS_TIME_H 1
#define HAVE_SIGNAL_H 1
#define HAVE_POLL_H 1
#define HAVE_PWD_H 1
#define HAVE_DECL_STRERROR_R 1
#define HAVE_STRERROR_R 1
#define STRERROR_R_CHAR_P 1
#define HAVE_FORK 1
#define HAVE_VFORK 1
#define HAVE_WORKING_VFORK 1
#define HAVE_WORKING_FORK 1
#define HAVE_FLOCKFILE 1
#define HAVE_VASPRINTF 1
#define HAVE_MMAP 1
#define HAVE_RAND 1
#define HAVE_STPCPY 1
#define HAVE_SETENV 1
#define HAVE_STAT 1
#define HAVE_GETRLIMIT 1
#define HAVE_GETPWNAM 1
#define HAVE_GETPWUID 1
#define HAVE_GETPWNAM_R 1
#define HAVE_GETPWUID_R 1
#define HAVE_INET_PTON 1
#define SIZEOF_INT 4
#define SIZEOF_LONG 8
#define SIZEOF_LONG_LONG 8
#define HAVE_SYS_STAT_H 1
#define HAVE_UNISTD_H 1
#define REPLACEMENT_FOR_OFF_T "long"
#define HAVE_GCC_ATTRIBUTE_ALIGNED 1
#define GPGRT_USE_VISIBILITY 1
#define HAVE_THREADS_H 1
#define HAVE_WEAK_SYMBOLS 1
#define HAVE_PTHREAD_API 1
#define USE_POSIX_THREADS 1
#define USE_POSIX_THREADS_WEAK 1
#define HAVE_PTHREAD_RWLOCK 1
#define HAVE_PTHREAD_MUTEX_RECURSIVE 1
#define SIZEOF_PTHREAD_MUTEX_T 40
#define HAVE_UNSIGNED_LONG_LONG_INT 1
#define HAVE_STDINT_H 1
#define HAVE_LONG_LONG_INT 1
#define HAVE_LONG_DOUBLE 1
#define HAVE_INTMAX_T 1
#define HAVE_UINTMAX_T 1
#define HAVE_PTRDIFF_T 1
#define SIZEOF_UNSIGNED_LONG 8
#define SIZEOF_VOID_P 8
#define HAVE_LANGINFO_THOUSEP 1
#define HAVE_MEMRCHR 1
#define HOST_TRIPLET_STRING "x86_64-pc-linux-gnu"
#define BUILD_REVISION "ea03187"
#define BUILD_TIMESTAMP "<none>"

configure: exit 0
